2024-03-29 01:48:11,648 [INFO] Activator:176 - 


2024-03-29 01:48:11,653 [INFO] Activator:177 - !SESSION log4j initialized
2024-03-29 01:48:15,509 [INFO] LogOutputStream:77 - [STDOUT_REDIRECT] 
2024-03-29 01:48:18,983 [INFO] ApplicationProperties:184 - Using Application install path: D:\STM32CubeIDE_1.14.0\STM32CubeIDE\plugins\com.st.stm32cube.common.mx_6.10.0.202311202037
2024-03-29 01:48:19,030 [INFO] DbMcusXml:78 - Set database path to: D:\STM32CubeIDE_1.14.0\STM32CubeIDE\plugins\com.st.stm32cube.common.mx_6.10.0.202311202037\\db\/mcu/
2024-03-29 01:48:19,031 [INFO] ApiDb:274 - Set plugin database path to: D:\STM32CubeIDE_1.14.0\STM32CubeIDE\plugins\com.st.stm32cube.common.mx_6.10.0.202311202037\\db\/plugins/boardmanager/
2024-03-29 01:48:19,032 [WARN] ApiDb:259 - Overriding images path with different value:  => D:\STM32CubeIDE_1.14.0\STM32CubeIDE\plugins\com.st.stm32cube.common.mx_6.10.0.202311202037\\db\/plugins/mcufinder/images/
2024-03-29 01:48:19,048 [INFO] ApiDb:250 - Set database path to: C:\Users\hp\.stmcufinder\plugins\mcufinder//mcu/
2024-03-29 01:48:19,050 [INFO] DbMcusAds:125 - Set database path to: C:\Users\hp\.stmcufinder\plugins\mcufinder//mcu/
2024-03-29 01:48:19,054 [INFO] CrossReferenceDbSqlite:203 - Set database path to: C:\Users\hp\.stmcufinder\plugins\mcufinder//mcu/cs/
2024-03-29 01:48:19,308 [INFO] RulesReader:64 - Compatibility file has been processed (297 Rules)
2024-03-29 01:48:19,491 [INFO] DbMcusXml:78 - Set database path to: D:\STM32CubeIDE_1.14.0\STM32CubeIDE\plugins\com.st.stm32cube.common.mx_6.10.0.202311202037\\db\/mcu/
2024-03-29 01:48:19,491 [INFO] ApiDb:274 - Set plugin database path to: D:\STM32CubeIDE_1.14.0\STM32CubeIDE\plugins\com.st.stm32cube.common.mx_6.10.0.202311202037\\db\/plugins/boardmanager/
2024-03-29 01:48:19,492 [INFO] ApiDb:261 - Set plugin images path to: D:\STM32CubeIDE_1.14.0\STM32CubeIDE\plugins\com.st.stm32cube.common.mx_6.10.0.202311202037\\db\/plugins/mcufinder/images/
2024-03-29 01:48:19,492 [WARN] DbFile:41 - Overriding database path with different value: C:\Users\hp\.stmcufinder\plugins\mcufinder/ => C:\Users\hp\.stmcufinder\plugins\mcufinder
2024-03-29 01:48:19,493 [INFO] ApiDb:250 - Set database path to: C:\Users\hp\.stmcufinder\plugins\mcufinder//mcu/
2024-03-29 01:48:19,493 [WARN] DbFile:41 - Overriding database path with different value: C:\Users\hp\.stmcufinder\plugins\mcufinder/ => C:\Users\hp\.stmcufinder\plugins\mcufinder
2024-03-29 01:48:19,493 [INFO] DbMcusAds:125 - Set database path to: C:\Users\hp\.stmcufinder\plugins\mcufinder//mcu/
2024-03-29 01:48:19,493 [WARN] DbFile:41 - Overriding database path with different value: C:\Users\hp\.stmcufinder\plugins\mcufinder/ => C:\Users\hp\.stmcufinder\plugins\mcufinder
2024-03-29 01:48:19,493 [WARN] DbFile:41 - Overriding database path with different value: C:\Users\hp\.stmcufinder\plugins\mcufinder/ => C:\Users\hp\.stmcufinder\plugins\mcufinder
2024-03-29 01:48:19,494 [INFO] CrossReferenceDbSqlite:203 - Set database path to: C:\Users\hp\.stmcufinder\plugins\mcufinder//mcu/cs/
2024-03-29 01:48:19,644 [INFO] MainPanel:264 - HeapMemory: 268435456
2024-03-29 01:48:19,809 [INFO] DbMcusXml:78 - Set database path to: D:\STM32CubeIDE_1.14.0\STM32CubeIDE\plugins\com.st.stm32cube.common.mx_6.10.0.202311202037\\db\/mcu/
2024-03-29 01:48:19,810 [INFO] ApiDb:274 - Set plugin database path to: D:\STM32CubeIDE_1.14.0\STM32CubeIDE\plugins\com.st.stm32cube.common.mx_6.10.0.202311202037\\db\/plugins/boardmanager/
2024-03-29 01:48:19,810 [INFO] ApiDb:261 - Set plugin images path to: D:\STM32CubeIDE_1.14.0\STM32CubeIDE\plugins\com.st.stm32cube.common.mx_6.10.0.202311202037\\db\/plugins/mcufinder/images/
2024-03-29 01:48:19,810 [WARN] DbFile:41 - Overriding database path with different value: C:\Users\hp\.stmcufinder\plugins\mcufinder/ => C:\Users\hp\.stmcufinder\plugins\mcufinder
2024-03-29 01:48:19,811 [INFO] ApiDb:250 - Set database path to: C:\Users\hp\.stmcufinder\plugins\mcufinder//mcu/
2024-03-29 01:48:19,811 [WARN] DbFile:41 - Overriding database path with different value: C:\Users\hp\.stmcufinder\plugins\mcufinder/ => C:\Users\hp\.stmcufinder\plugins\mcufinder
2024-03-29 01:48:19,811 [INFO] DbMcusAds:125 - Set database path to: C:\Users\hp\.stmcufinder\plugins\mcufinder//mcu/
2024-03-29 01:48:19,811 [WARN] DbFile:41 - Overriding database path with different value: C:\Users\hp\.stmcufinder\plugins\mcufinder/ => C:\Users\hp\.stmcufinder\plugins\mcufinder
2024-03-29 01:48:19,811 [WARN] DbFile:41 - Overriding database path with different value: C:\Users\hp\.stmcufinder\plugins\mcufinder/ => C:\Users\hp\.stmcufinder\plugins\mcufinder
2024-03-29 01:48:19,811 [INFO] CrossReferenceDbSqlite:203 - Set database path to: C:\Users\hp\.stmcufinder\plugins\mcufinder//mcu/cs/
2024-03-29 01:48:19,847 [INFO] ApplicationProperties:184 - Using Application install path: D:\STM32CubeIDE_1.14.0\STM32CubeIDE\plugins\com.st.stm32cube.common.mx_6.10.0.202311202037
2024-03-29 01:48:19,850 [INFO] PluginManage:196 - Search for loadable plugins [exclusion list=, ]
2024-03-29 01:48:19,853 [INFO] PluginManage:310 - Check plugin analytics
2024-03-29 01:48:20,204 [INFO] AnalyticsPlugin:253 - Accepted Software Licenses: 
2024-03-29 01:48:20,204 [INFO] AnalyticsPlugin:255 - Accepted CMSIS Pack Licenses: 
2024-03-29 01:48:20,205 [INFO] AnalyticsPlugin:257 - Accepted Firmware Licenses: FW.G0.1.6.0,FW.F7.1.17.0
2024-03-29 01:48:20,210 [INFO] PluginManage:359 - Loaded plugin analytics (category:tool,tabindex:-1)
2024-03-29 01:48:20,210 [INFO] PluginManage:310 - Check plugin cadmodel
2024-03-29 01:48:20,219 [INFO] CADModel:105 - Init CAD model plugin
2024-03-29 01:48:20,220 [INFO] PluginManage:359 - Loaded plugin cadmodel (category:power,tabindex:5)
2024-03-29 01:48:20,220 [INFO] PluginManage:310 - Check plugin clock
2024-03-29 01:48:20,244 [INFO] PluginManage:359 - Loaded plugin clock (category:base,tabindex:2)
2024-03-29 01:48:20,244 [INFO] PluginManage:310 - Check plugin ddr
2024-03-29 01:48:20,249 [INFO] PluginManage:359 - Loaded plugin ddr (category:tool,tabindex:6)
2024-03-29 01:48:20,250 [INFO] PluginManage:310 - Check plugin filemanager
2024-03-29 01:48:20,654 [INFO] PluginManage:359 - Loaded plugin filemanager (category:base,tabindex:10)
2024-03-29 01:48:20,655 [INFO] PluginManage:310 - Check plugin ipmanager
2024-03-29 01:48:20,668 [INFO] PluginManage:359 - Loaded plugin ipmanager (category:base,tabindex:5)
2024-03-29 01:48:20,669 [INFO] PluginManage:310 - Check plugin lpbam
2024-03-29 01:48:20,681 [INFO] PluginManage:359 - Loaded plugin lpbam (category:base,tabindex:0)
2024-03-29 01:48:20,682 [INFO] PluginManage:310 - Check plugin memorymap
2024-03-29 01:48:20,706 [INFO] PluginManage:359 - Loaded plugin memorymap (category:base,tabindex:4)
2024-03-29 01:48:20,706 [INFO] PluginManage:310 - Check plugin pinoutandconfiguration
2024-03-29 01:48:20,717 [INFO] PluginManage:359 - Loaded plugin pinoutandconfiguration (category:base,tabindex:1)
2024-03-29 01:48:20,717 [INFO] PluginManage:310 - Check plugin pinoutconfig
2024-03-29 01:48:20,871 [WARN] SupportedApi:132 - Cannot load RTOS API schema: s4s-elt-must-match.1: The content of 'definitions' must match (annotation?, (simpleType | complexType)?, (unique | key | keyref)*)). A problem was found starting at: attribute.
2024-03-29 01:48:21,111 [INFO] PluginManage:359 - Loaded plugin pinoutconfig (category:base,tabindex:0)
2024-03-29 01:48:21,112 [INFO] PluginManage:310 - Check plugin power
2024-03-29 01:48:21,131 [INFO] PluginManage:359 - Loaded plugin power (category:power,tabindex:4)
2024-03-29 01:48:21,132 [INFO] PluginManage:310 - Check plugin projectmanager
2024-03-29 01:48:21,166 [INFO] PluginManage:359 - Loaded plugin projectmanager (category:projectmanager,tabindex:3)
2024-03-29 01:48:21,166 [INFO] PluginManage:310 - Check plugin thirdparty
2024-03-29 01:48:21,428 [INFO] PluginManage:359 - Loaded plugin thirdparty (category:base,tabindex:-1)
2024-03-29 01:48:21,428 [INFO] PluginManage:310 - Check plugin tools
2024-03-29 01:48:21,428 [WARN] IntegrityCheckThread:84 - waiting for thirdparty lock release [integrity check]
2024-03-29 01:48:21,430 [INFO] IntegrityCheckThread:86 - entering critical section [integrity check]
2024-03-29 01:48:21,430 [INFO] ThirdPartyUpdaterWithRetryManager:70 - Updater plugin not ready yet. [1/15]
2024-03-29 01:48:21,432 [INFO] PluginManage:359 - Loaded plugin tools (category:base,tabindex:7)
2024-03-29 01:48:21,433 [INFO] PluginManage:310 - Check plugin tutovideos
2024-03-29 01:48:21,705 [INFO] PluginManage:359 - Loaded plugin tutovideos (category:base,tabindex:-1)
2024-03-29 01:48:21,706 [INFO] PluginManage:310 - Check plugin updater
2024-03-29 01:48:21,725 [INFO] PluginManage:359 - Loaded plugin updater (category:base,tabindex:12)
2024-03-29 01:48:21,725 [INFO] PluginManage:310 - Check plugin userauth
2024-03-29 01:48:21,735 [INFO] UserAuth:114 - Init User Auth plugin
2024-03-29 01:48:21,735 [INFO] PluginManage:359 - Loaded plugin userauth (category:base,tabindex:14)
2024-03-29 01:48:21,737 [INFO] PluginManage:283 - PluginManage : Loaded plugins [17]
2024-03-29 01:48:22,212 [INFO] PinOutPanel:1499 - setPackage(No Configuration,No Configuration)
2024-03-29 01:48:22,341 [INFO] CADModel:165 - CPN selected for project level
2024-03-29 01:48:22,341 [INFO] CADModel:114 - Register for checkConnection events
2024-03-29 01:48:22,367 [INFO] IPUIPlugin:80 - create IPUIPlugin
2024-03-29 01:48:22,367 [INFO] PluginManager:220 - loadIPPluginJar : add adc
2024-03-29 01:48:22,370 [INFO] IPUIPlugin:80 - create IPUIPlugin
2024-03-29 01:48:22,371 [INFO] PluginManager:220 - loadIPPluginJar : add aes
2024-03-29 01:48:22,375 [INFO] IPUIPlugin:80 - create IPUIPlugin
2024-03-29 01:48:22,376 [INFO] PluginManager:220 - loadIPPluginJar : add can
2024-03-29 01:48:22,378 [INFO] IPUIPlugin:80 - create IPUIPlugin
2024-03-29 01:48:22,378 [INFO] PluginManager:220 - loadIPPluginJar : add comp
2024-03-29 01:48:22,382 [INFO] IPUIPlugin:80 - create IPUIPlugin
2024-03-29 01:48:22,383 [INFO] PluginManager:220 - loadIPPluginJar : add cryp
2024-03-29 01:48:22,386 [INFO] IPUIPlugin:80 - create IPUIPlugin
2024-03-29 01:48:22,387 [INFO] PluginManager:220 - loadIPPluginJar : add dfsdm
2024-03-29 01:48:22,397 [INFO] IPUIPlugin:80 - create IPUIPlugin
2024-03-29 01:48:22,398 [INFO] PluginManager:220 - loadIPPluginJar : add dma
2024-03-29 01:48:22,402 [INFO] IPUIPlugin:80 - create IPUIPlugin
2024-03-29 01:48:22,403 [INFO] PluginManager:220 - loadIPPluginJar : add dma3
2024-03-29 01:48:22,406 [INFO] IPUIPlugin:80 - create IPUIPlugin
2024-03-29 01:48:22,406 [INFO] PluginManager:220 - loadIPPluginJar : add fatfs
2024-03-29 01:48:22,413 [INFO] IPUIPlugin:80 - create IPUIPlugin
2024-03-29 01:48:22,413 [INFO] PluginManager:220 - loadIPPluginJar : add fmc
2024-03-29 01:48:22,423 [INFO] IPUIPlugin:80 - create IPUIPlugin
2024-03-29 01:48:22,424 [INFO] PluginManager:220 - loadIPPluginJar : add freertos
2024-03-29 01:48:22,426 [INFO] IPUIPlugin:80 - create IPUIPlugin
2024-03-29 01:48:22,427 [INFO] PluginManager:220 - loadIPPluginJar : add genericplugin
2024-03-29 01:48:22,431 [INFO] IPUIPlugin:80 - create IPUIPlugin
2024-03-29 01:48:22,431 [INFO] PluginManager:220 - loadIPPluginJar : add gfxmmu
2024-03-29 01:48:22,441 [INFO] IPUIPlugin:80 - create IPUIPlugin
2024-03-29 01:48:22,441 [INFO] PluginManager:220 - loadIPPluginJar : add gic
2024-03-29 01:48:22,448 [INFO] IPUIPlugin:80 - create IPUIPlugin
2024-03-29 01:48:22,448 [INFO] PluginManager:220 - loadIPPluginJar : add gpio
2024-03-29 01:48:22,453 [INFO] IPUIPlugin:80 - create IPUIPlugin
2024-03-29 01:48:22,453 [INFO] PluginManager:220 - loadIPPluginJar : add gtzc
2024-03-29 01:48:22,458 [INFO] IPUIPlugin:80 - create IPUIPlugin
2024-03-29 01:48:22,459 [INFO] PluginManager:220 - loadIPPluginJar : add hash
2024-03-29 01:48:22,465 [INFO] IPUIPlugin:80 - create IPUIPlugin
2024-03-29 01:48:22,466 [INFO] PluginManager:220 - loadIPPluginJar : add i2c
2024-03-29 01:48:22,471 [INFO] IPUIPlugin:80 - create IPUIPlugin
2024-03-29 01:48:22,471 [INFO] PluginManager:220 - loadIPPluginJar : add i2s
2024-03-29 01:48:22,477 [INFO] IPUIPlugin:80 - create IPUIPlugin
2024-03-29 01:48:22,477 [INFO] PluginManager:220 - loadIPPluginJar : add i3c
2024-03-29 01:48:22,482 [INFO] IPUIPlugin:80 - create IPUIPlugin
2024-03-29 01:48:22,483 [INFO] PluginManager:220 - loadIPPluginJar : add ipddr
2024-03-29 01:48:22,495 [INFO] IPUIPlugin:80 - create IPUIPlugin
2024-03-29 01:48:22,495 [INFO] PluginManager:220 - loadIPPluginJar : add linkedlist
2024-03-29 01:48:22,499 [INFO] IPUIPlugin:80 - create IPUIPlugin
2024-03-29 01:48:22,499 [INFO] PluginManager:220 - loadIPPluginJar : add lorawan
2024-03-29 01:48:22,502 [INFO] IPUIPlugin:80 - create IPUIPlugin
2024-03-29 01:48:22,502 [INFO] PluginManager:220 - loadIPPluginJar : add ltdc
2024-03-29 01:48:22,514 [INFO] IPUIPlugin:80 - create IPUIPlugin
2024-03-29 01:48:22,514 [INFO] PluginManager:220 - loadIPPluginJar : add mdma
2024-03-29 01:48:22,521 [INFO] IPUIPlugin:80 - create IPUIPlugin
2024-03-29 01:48:22,522 [INFO] PluginManager:220 - loadIPPluginJar : add nvic
2024-03-29 01:48:22,527 [INFO] IPUIPlugin:80 - create IPUIPlugin
2024-03-29 01:48:22,527 [INFO] PluginManager:220 - loadIPPluginJar : add opamp
2024-03-29 01:48:22,534 [INFO] IPUIPlugin:80 - create IPUIPlugin
2024-03-29 01:48:22,534 [INFO] PluginManager:220 - loadIPPluginJar : add openamp
2024-03-29 01:48:22,540 [INFO] IPUIPlugin:80 - create IPUIPlugin
2024-03-29 01:48:22,540 [INFO] PluginManager:220 - loadIPPluginJar : add pdm2pcm
2024-03-29 01:48:22,551 [INFO] IPUIPlugin:80 - create IPUIPlugin
2024-03-29 01:48:22,556 [INFO] PluginManager:220 - loadIPPluginJar : add plateformsettings
2024-03-29 01:48:22,559 [INFO] IPUIPlugin:80 - create IPUIPlugin
2024-03-29 01:48:22,559 [INFO] PluginManager:220 - loadIPPluginJar : add quadspi
2024-03-29 01:48:22,566 [INFO] IPUIPlugin:80 - create IPUIPlugin
2024-03-29 01:48:22,566 [INFO] PluginManager:220 - loadIPPluginJar : add resmgrutility
2024-03-29 01:48:22,570 [INFO] IPUIPlugin:80 - create IPUIPlugin
2024-03-29 01:48:22,570 [INFO] PluginManager:220 - loadIPPluginJar : add sai
2024-03-29 01:48:22,574 [INFO] IPUIPlugin:80 - create IPUIPlugin
2024-03-29 01:48:22,574 [INFO] PluginManager:220 - loadIPPluginJar : add spi
2024-03-29 01:48:22,581 [INFO] IPUIPlugin:80 - create IPUIPlugin
2024-03-29 01:48:22,581 [INFO] PluginManager:220 - loadIPPluginJar : add stm32_wpan
2024-03-29 01:48:22,585 [INFO] IPUIPlugin:80 - create IPUIPlugin
2024-03-29 01:48:22,585 [INFO] PluginManager:220 - loadIPPluginJar : add tim
2024-03-29 01:48:22,590 [INFO] IPUIPlugin:80 - create IPUIPlugin
2024-03-29 01:48:22,590 [INFO] PluginManager:220 - loadIPPluginJar : add touchsensing
2024-03-29 01:48:22,593 [INFO] IPUIPlugin:80 - create IPUIPlugin
2024-03-29 01:48:22,593 [INFO] PluginManager:220 - loadIPPluginJar : add tracer_emb
2024-03-29 01:48:22,596 [INFO] IPUIPlugin:80 - create IPUIPlugin
2024-03-29 01:48:22,596 [INFO] PluginManager:220 - loadIPPluginJar : add ts
2024-03-29 01:48:22,600 [INFO] IPUIPlugin:80 - create IPUIPlugin
2024-03-29 01:48:22,600 [INFO] PluginManager:220 - loadIPPluginJar : add tsc
2024-03-29 01:48:22,604 [INFO] IPUIPlugin:80 - create IPUIPlugin
2024-03-29 01:48:22,604 [INFO] PluginManager:220 - loadIPPluginJar : add ucpd
2024-03-29 01:48:22,609 [INFO] IPUIPlugin:80 - create IPUIPlugin
2024-03-29 01:48:22,609 [INFO] PluginManager:220 - loadIPPluginJar : add usart
2024-03-29 01:48:22,614 [INFO] IPUIPlugin:80 - create IPUIPlugin
2024-03-29 01:48:22,614 [INFO] PluginManager:220 - loadIPPluginJar : add usbx
2024-03-29 01:48:22,792 [INFO] CADModel:165 - CPN selected for project level
2024-03-29 01:48:22,793 [INFO] CADModel:114 - Register for checkConnection events
2024-03-29 01:48:22,794 [FATAL] Updater:308 - Updater called before beeing initialized
2024-03-29 01:48:22,794 [ERROR] CADModel:125 - Updater not yet initialized, retry later 
2024-03-29 01:48:23,047 [INFO] CADModel:165 - CPN selected for project level
2024-03-29 01:48:23,047 [INFO] CADModel:114 - Register for checkConnection events
2024-03-29 01:48:23,047 [FATAL] Updater:308 - Updater called before beeing initialized
2024-03-29 01:48:23,047 [ERROR] CADModel:125 - Updater not yet initialized, retry later 
2024-03-29 01:48:23,052 [FATAL] Updater:308 - Updater called before beeing initialized
2024-03-29 01:48:23,251 [FATAL] Updater:308 - Updater called before beeing initialized
2024-03-29 01:48:23,265 [INFO] DbMcusAds:53 - JSON generation date=Wed Nov 29 11:52:27 CET 2023 (1701255147349)
2024-03-29 01:48:23,265 [FATAL] Updater:308 - Updater called before beeing initialized
2024-03-29 01:48:23,326 [WARN] DetailPanel:346 - Failed to get advertising image, set to default
2024-03-29 01:48:23,460 [FATAL] Updater:308 - Updater called before beeing initialized
2024-03-29 01:48:23,463 [FATAL] Updater:308 - Updater called before beeing initialized
2024-03-29 01:48:23,463 [FATAL] Updater:308 - Updater called before beeing initialized
2024-03-29 01:48:23,463 [WARN] DetailPanel:346 - Failed to get advertising image, set to default
2024-03-29 01:48:23,464 [FATAL] Updater:308 - Updater called before beeing initialized
2024-03-29 01:48:23,536 [ERROR] Updater:1120 - MainUpdater not yet initialized. External WinMGr cannot be set.
2024-03-29 01:48:23,540 [INFO] Updater:1056 - Updater Version found : 6.10.0
2024-03-29 01:48:23,573 [INFO] ApplicationProperties:184 - Using Application install path: D:\STM32CubeIDE_1.14.0\STM32CubeIDE\plugins\com.st.stm32cube.common.mx_6.10.0.202311202037
2024-03-29 01:48:24,432 [INFO] ThirdPartyUpdaterWithRetryManager:70 - Updater plugin not ready yet. [2/15]
2024-03-29 01:48:25,169 [ERROR] LogOutputStream:75 - [STDERR_REDIRECT] Mar 29, 2024 1:48:25 AM java.util.prefs.WindowsPreferences <init>
2024-03-29 01:48:25,173 [ERROR] LogOutputStream:75 - [STDERR_REDIRECT] WARNING: Could not open/create prefs root node Software\JavaSoft\Prefs at root 0xffffffff80000002. Windows RegCreateKeyEx(...) returned error code 5.
2024-03-29 01:48:25,174 [ERROR] LogOutputStream:75 - [STDERR_REDIRECT] 
2024-03-29 01:48:25,592 [INFO] MainUpdater:2873 - connection check result : 10
2024-03-29 01:48:25,593 [INFO] MainUpdater:290 - Updater Check For Update Now.
2024-03-29 01:48:25,594 [INFO] MicroXplorer:498 - Change Database Version : DB.6.0.100
2024-03-29 01:48:25,602 [INFO] McuFinderGlobals:63 - Set McuFinder mode to 2 (CubeIDE integrated)
2024-03-29 01:48:25,808 [INFO] UserAuth:404 - Internet connection configuration mode: 1
2024-03-29 01:48:25,864 [INFO] JxBrowserEngine:152 - Initiate JxBrowser Engine with user profile folder
2024-03-29 01:48:26,078 [INFO] CheckServerUpdateThread:120 - End of CheckServer Thread
2024-03-29 01:48:27,795 [WARN] PackLoader:240 - Cannot read IP mode file for STMicroelectronics.X-CUBE-SMBUS.2.1.0
2024-03-29 01:48:27,832 [WARN] PackLoader:240 - Cannot read IP mode file for STMicroelectronics.X-CUBE-TOUCHGFX.4.23.1
2024-03-29 01:48:27,854 [WARN] PackLoader:240 - Cannot read IP mode file for STMicroelectronics.X-CUBE-TOUCHGFX.4.23.0
2024-03-29 01:48:28,037 [WARN] PackLoader:240 - Cannot read IP mode file for STMicroelectronics.X-CUBE-AZRTOS-F7.1.1.0
2024-03-29 01:48:28,075 [WARN] PackLoader:240 - Cannot read IP mode file for STMicroelectronics.FP-SNS-MOTENV1.4.3.2
2024-03-29 01:48:28,100 [WARN] PackLoader:240 - Cannot read IP mode file for STMicroelectronics.FP-SNS-FLIGHT1.5.0.2
2024-03-29 01:48:28,142 [WARN] PackLoader:240 - Cannot read IP mode file for STMicroelectronics.X-CUBE-DISPLAY.3.0.0
2024-03-29 01:48:28,184 [WARN] PackLoader:240 - Cannot read IP mode file for STMicroelectronics.X-CUBE-BLE1.7.0.0
2024-03-29 01:48:28,227 [WARN] PackLoader:240 - Cannot read IP mode file for emotas.I-CUBE-CANOPEN.1.3.0
2024-03-29 01:48:28,274 [WARN] PackLoader:240 - Cannot read IP mode file for STMicroelectronics.X-CUBE-BLEMGR.3.1.0
2024-03-29 01:48:28,301 [WARN] PackLoader:240 - Cannot read IP mode file for STMicroelectronics.FP-SNS-SMARTAG2.1.2.0
2024-03-29 01:48:28,346 [INFO] LogOutputStream:77 - [STDOUT_REDIRECT] 1 : Invalid condition id : UX_CORESTACK_Condition cause : null
2024-03-29 01:48:28,347 [INFO] LogOutputStream:77 - [STDOUT_REDIRECT] 1 : Invalid condition id : UX_CORESTACK_Condition cause : null
2024-03-29 01:48:28,352 [INFO] LogOutputStream:77 - [STDOUT_REDIRECT] 1 : Invalid condition id : UX_CORESTACK_Condition cause : null
2024-03-29 01:48:28,355 [INFO] LogOutputStream:77 - [STDOUT_REDIRECT] 1 : Invalid condition id : UX_CORESTACK_Condition cause : null
2024-03-29 01:48:28,358 [INFO] LogOutputStream:77 - [STDOUT_REDIRECT] 1 : Invalid condition id : UX_CORESTACK_Condition cause : null
2024-03-29 01:48:28,366 [WARN] PackLoader:240 - Cannot read IP mode file for STMicroelectronics.X-CUBE-AZRTOS-WL.2.0.0
2024-03-29 01:48:28,391 [WARN] PackLoader:240 - Cannot read IP mode file for STMicroelectronics.FP-SNS-MOTENV1.5.0.0
2024-03-29 01:48:28,423 [WARN] PackLoader:240 - Cannot read IP mode file for WES.I-CUBE-Cesium.1.3.0
2024-03-29 01:48:28,445 [WARN] PackLoader:240 - Cannot read IP mode file for STMicroelectronics.X-CUBE-BLE2.3.3.0
2024-03-29 01:48:28,469 [WARN] PackLoader:240 - Cannot read IP mode file for STMicroelectronics.X-CUBE-ALGOBUILD.1.3.0
2024-03-29 01:48:28,557 [WARN] PackLoader:240 - Cannot read IP mode file for STMicroelectronics.X-CUBE-AZRTOS-G0.1.1.0
2024-03-29 01:48:28,587 [WARN] PackLoader:240 - Cannot read IP mode file for STMicroelectronics.X-CUBE-SAFEA1.1.2.2
2024-03-29 01:48:28,631 [WARN] PackLoader:240 - Cannot read IP mode file for STMicroelectronics.X-CUBE-NFC4.3.0.0
2024-03-29 01:48:28,670 [WARN] PackLoader:240 - Cannot read IP mode file for STMicroelectronics.FP-ATR-SIGFOX1.3.2.0
2024-03-29 01:48:28,697 [WARN] PackLoader:240 - Cannot read IP mode file for STMicroelectronics.X-CUBE-EEPRMA1.5.1.0
2024-03-29 01:48:28,788 [WARN] PackLoader:240 - Cannot read IP mode file for SEGGER.I-CUBE-embOS.1.3.1
2024-03-29 01:48:28,914 [WARN] PackLoader:240 - Cannot read IP mode file for STMicroelectronics.X-CUBE-GNSS1.6.0.0
2024-03-29 01:48:28,994 [WARN] PackLoader:240 - Cannot read IP mode file for STMicroelectronics.X-CUBE-AZRTOS-F4.1.1.0
2024-03-29 01:48:29,025 [WARN] PackLoader:240 - Cannot read IP mode file for wolfSSL.I-CUBE-wolfSSL.5.6.6
2024-03-29 01:48:29,087 [WARN] PackLoader:240 - Cannot read IP mode file for STMicroelectronics.X-CUBE-AZRTOS-L5.2.0.0
2024-03-29 01:48:29,152 [WARN] PackLoader:240 - Cannot read IP mode file for STMicroelectronics.X-CUBE-NFC6.3.1.0
2024-03-29 01:48:29,226 [WARN] PackLoader:240 - Cannot read IP mode file for ITTIA_DB.I-CUBE-ITTIADB.8.8.0
2024-03-29 01:48:29,305 [WARN] PackLoader:240 - Cannot read IP mode file for STMicroelectronics.X-CUBE-NFC7.1.0.1
2024-03-29 01:48:29,477 [WARN] PackLoader:240 - Cannot read IP mode file for STMicroelectronics.X-CUBE-NFC6.3.0.0
2024-03-29 01:48:29,512 [WARN] PackLoader:240 - Cannot read IP mode file for STMicroelectronics.X-CUBE-AI.8.1.0
2024-03-29 01:48:29,951 [WARN] ConditionMgr:438 - getConditionDescription Invalid condition id : LAN8742 Phy interface Condition cause : null
2024-03-29 01:48:29,952 [WARN] PackLoader:240 - Cannot read IP mode file for STMicroelectronics.X-CUBE-AZRTOS-L4.2.0.0
2024-03-29 01:48:29,954 [WARN] ConditionMgr:1039 - genDependencies : Invalid condition id : LAN8742 Phy interface Condition cause : null
2024-03-29 01:48:29,955 [WARN] ConditionMgr:1039 - genDependencies : Invalid condition id : LAN8742 Phy interface Condition cause : null
2024-03-29 01:48:29,957 [WARN] ConditionMgr:1039 - genDependencies : Invalid condition id : LAN8742 Phy interface Condition cause : null
2024-03-29 01:48:29,998 [WARN] PackLoader:240 - Cannot read IP mode file for STMicroelectronics.X-CUBE-SFXS2LP1.4.0.0
2024-03-29 01:48:30,045 [WARN] ConditionMgr:438 - getConditionDescription Invalid condition id : UX DEVICE CLASS RTOS Condition cause : null
2024-03-29 01:48:30,046 [WARN] ConditionMgr:438 - getConditionDescription Invalid condition id : UX DEVICE CLASS RTOS Condition cause : null
2024-03-29 01:48:30,050 [WARN] PackLoader:240 - Cannot read IP mode file for STMicroelectronics.X-CUBE-AZRTOS-WB.2.0.0
2024-03-29 01:48:30,051 [WARN] ConditionMgr:1039 - genDependencies : Invalid condition id : UX DEVICE CLASS RTOS Condition cause : null
2024-03-29 01:48:30,052 [WARN] ConditionMgr:1039 - genDependencies : Invalid condition id : UX DEVICE CLASS RTOS Condition cause : null
2024-03-29 01:48:30,052 [WARN] ConditionMgr:1039 - genDependencies : Invalid condition id : UX DEVICE CLASS RTOS Condition cause : null
2024-03-29 01:48:30,053 [WARN] ConditionMgr:1039 - genDependencies : Invalid condition id : UX DEVICE CLASS RTOS Condition cause : null
2024-03-29 01:48:30,053 [WARN] ConditionMgr:1039 - genDependencies : Invalid condition id : UX DEVICE CLASS RTOS Condition cause : null
2024-03-29 01:48:30,090 [WARN] PackLoader:240 - Cannot read IP mode file for STMicroelectronics.X-CUBE-SUBG2.5.0.0
2024-03-29 01:48:30,149 [WARN] PackLoader:240 - Cannot read IP mode file for STMicroelectronics.X-CUBE-AZRTOS-G4.2.0.0
2024-03-29 01:48:30,197 [WARN] PackLoader:240 - Cannot read IP mode file for Infineon.AIROC-Wi-Fi-Bluetooth-STM32.1.5.1
2024-03-29 01:48:30,255 [WARN] PackLoader:240 - Cannot read IP mode file for STMicroelectronics.FP-SNS-MOTENVWB1.1.3.1
2024-03-29 01:48:30,278 [WARN] PackLoader:240 - Cannot read IP mode file for STMicroelectronics.X-CUBE-ISPU.2.0.0
2024-03-29 01:48:30,407 [WARN] PackLoader:240 - Cannot read IP mode file for STMicroelectronics.X-CUBE-MEMS1.10.0.0
2024-03-29 01:48:30,904 [WARN] PackLoader:240 - Cannot read IP mode file for STMicroelectronics.X-CUBE-FREERTOS.1.1.0
2024-03-29 01:48:30,912 [INFO] WebApp:161 - Instantiating new browser for Auth
2024-03-29 01:48:31,008 [WARN] PackLoader:240 - Cannot read IP mode file for portGmbH.I-Cube-SoM-uGOAL.1.1.0
2024-03-29 01:48:31,064 [WARN] PackLoader:240 - Cannot read IP mode file for STMicroelectronics.X-CUBE-ALS.1.0.1
2024-03-29 01:48:31,180 [WARN] PackLoader:240 - Cannot read IP mode file for STMicroelectronics.FP-ATR-ASTRA1.2.0.0
2024-03-29 01:48:31,241 [WARN] PackLoader:240 - Cannot read IP mode file for STMicroelectronics.X-CUBE-TOF1.3.4.1
2024-03-29 01:48:31,485 [WARN] PackLoader:240 - Cannot read IP mode file for STMicroelectronics.X-CUBE-AZRTOS-H7.3.2.0
2024-03-29 01:48:31,491 [INFO] ThirdParty:978 - Integrity check success = true
2024-03-29 01:48:31,491 [INFO] IntegrityCheckThread:100 - exiting critical section [integrity check]
2024-03-29 01:48:31,492 [INFO] IntegrityCheckThread:103 - End integrity checks thread
2024-03-29 01:48:32,826 [INFO] WebApp:780 - Register for checkConnection events
2024-03-29 01:48:32,827 [INFO] WebApp:414 - Apply proxy settings
2024-03-29 01:48:32,827 [INFO] WebApp:499 - Chromium requires no authentication
2024-03-29 01:48:32,840 [INFO] WebApp:442 - Direct internet connection detected
2024-03-29 01:48:33,139 [INFO] WebApp:192 - Starting web application
2024-03-29 01:48:33,139 [INFO] WebApp:544 - Web application path used D:\STM32CubeIDE_1.14.0\STM32CubeIDE\plugins\com.st.stm32cube.common.mx_6.10.0.202311202037\db\plugins\mcufinder\reactClient1\index.html
2024-03-29 01:48:54,479 [ERROR] LogOutputStream:75 - [STDERR_REDIRECT] SLF4J: Failed to load class "org.slf4j.impl.StaticLoggerBinder".
2024-03-29 01:48:54,482 [ERROR] LogOutputStream:75 - [STDERR_REDIRECT] SLF4J: Defaulting to no-operation (NOP) logger implementation
2024-03-29 01:48:54,485 [ERROR] LogOutputStream:75 - [STDERR_REDIRECT] SLF4J: See http://www.slf4j.org/codes.html#StaticLoggerBinder for further details.
2024-03-29 01:50:44,948 [INFO] McuFinderGlobals:63 - Set McuFinder mode to 2 (CubeIDE integrated)
2024-03-29 01:50:44,954 [INFO] MainUpdater:2873 - connection check result : 10
2024-03-29 01:50:45,505 [INFO] ApiDb:581 - Connected to CubeFinder SQLite database (C:\Users\hp\.stmcufinder\plugins\mcufinder\mcu\cube-finder-db.db)
2024-03-29 01:50:45,701 [INFO] ApiDb:668 - CubeFinder database Data Model version=2.1
2024-03-29 01:50:45,701 [INFO] ApiDb:669 - CubeFinder database Configuration version=3.0.39
2024-03-29 01:50:45,701 [INFO] ApiDb:670 - CubeFinder database generation date=2024-03-25 (1711369621)
2024-03-29 01:50:45,701 [INFO] ApiDb:671 - CubeFinder database FW Pack versions=[FP-ATR-ASTRA1_V2.0.0, FP-SNS-FLIGHT1_V5.0.1, FP-SNS-FLIGHT1_V5.0.2, FP-SNS-MOTENV1_V4.3.1, FP-SNS-MOTENV1_V4.3.2, FP-SNS-MOTENVWB1_V1.3.1, FP-SNS-SMARTAG2_V1.2.0, STM32Cube_FW_C0_V1.1.0, STM32Cube_FW_F4_V1.28.0, STM32Cube_FW_F7_V1.17.0, STM32Cube_FW_G0_V1.6.2, STM32Cube_FW_G4_V1.5.2, STM32Cube_FW_H5_V0.5.1, STM32Cube_FW_H5_V1.1.1, STM32Cube_FW_H5_V1.2.0, STM32Cube_FW_H5_V1.2.0RC4, STM32Cube_FW_H7RS_V1.0.0, STM32Cube_FW_H7RS_V1.0.0RC4, STM32Cube_FW_H7_V1.11.0, STM32Cube_FW_L0_V1.12.2, STM32Cube_FW_L5_V1.5.1, STM32Cube_FW_U0_V1.0.0, STM32Cube_FW_U0_V1.0.0RC1, STM32Cube_FW_U5_V1.3.0RC4, STM32Cube_FW_U5_V1.5.0, STM32Cube_FW_U5_V1.5.0RC1, STM32Cube_FW_WBA_V1.0.0RC1, STM32Cube_FW_WBA_V1.2.0, STM32Cube_FW_WBA_V1.2.0RC2, STM32Cube_FW_WBA_V1.3.0, STM32Cube_FW_WBA_V1.3.0RC1, STM32Cube_FW_WB_V1.15.0RC1, STM32Cube_FW_WB_V1.16.0, STM32Cube_FW_WB_V1.16.0RC2, STM32Cube_FW_WB_V1.18.0, STM32Cube_FW_WB_V1.19.0, STM32Cube_FW_WL_V1.3.0, X-CUBE-ALGOBUILD_V1.3.0, X-CUBE-ALS_V1.0.1, X-CUBE-AZRTOS-F4_V1.1.0, X-CUBE-AZRTOS-F7_V1.1.0, X-CUBE-AZRTOS-G0_V1.1.0, X-CUBE-AZRTOS-G4_V2.0.0, X-CUBE-AZRTOS-H7_V3.2.0, X-CUBE-AZRTOS-L4_V1.0.0, X-CUBE-AZRTOS-L4_V2.0.0, X-CUBE-AZRTOS-L5_V1.1.0, X-CUBE-AZRTOS-WB_V2.0.0, X-CUBE-AZRTOS-WL_V2.0.0, X-CUBE-BLE1_V7.0.0, X-CUBE-BLE2_V3.3.0, X-CUBE-BLEMGR_V3.1.0, X-CUBE-EEPRMA1_V4.1.0, X-CUBE-EEPRMA1_V5.1.0, X-CUBE-FREERTOS_V1.1.0, X-CUBE-GNSS1_V6.0.0, X-CUBE-MEMS1_V10.0.0, X-CUBE-MEMS1_V9.1.0, X-CUBE-MEMS1_V9.4.0, X-CUBE-MEMS1_V9.6.0, X-CUBE-NFC4_V3.0.0, X-CUBE-NFC7_V1.0.1, X-CUBE-SFXS2LP1_V4.0.0, X-CUBE-SUBG2_V5.0.0, X-CUBE-TOF1_V3.4.0]
2024-03-29 01:50:45,947 [INFO] DbBoardsSqlite:226 - include board P-NUCLEO-WB55-NUCLEO as a kit item of type 'Nucleo-64'
2024-03-29 01:50:45,948 [INFO] DbBoardsSqlite:226 - include board P-NUCLEO-WB55-USBDONGLE as a kit item of type 'Nucleo USB Dongle'
2024-03-29 01:50:45,950 [INFO] DbBoardsSqlite:226 - include board STEVAL-IDP005V1 as a kit item of type 'Evaluation Board'
2024-03-29 01:50:45,950 [INFO] DbBoardsSqlite:226 - include board STEVAL-IDP005V2 as a kit item of type 'Evaluation Board'
2024-03-29 01:50:47,660 [INFO] ApiDb:240 - Found 371 in-development CPN: [B-G473E-ZEST1S, B-WB1M-WPAN1, B-WL5M-SUBG1, NUCLEO-C031C6, NUCLEO-H503RB, NUCLEO-H563ZI, NUCLEO-U545RE-Q, NUCLEO-U5A5ZJ-Q, NUCLEO-WBA52CG, NUCLEO-WBA55CG, STEVAL-MKBOXPRO, STEVAL-PROTEUS1, STEVAL-STWINBX1, STM320518-EVAL, STM32C0116-DK, STM32C011D6Y3TR, STM32C011D6Y6TR, STM32C011F4P3, STM32C011F4P6, STM32C011F4U3, STM32C011F4U6TR, STM32C011F6P3, STM32C011F6P6, STM32C011F6U3, STM32C011F6U6TR, STM32C011J4M3, STM32C011J4M6, STM32C011J6M3, STM32C011J6M6, STM32C0316-DK, STM32C031C4T3, STM32C031C4T6, STM32C031C4U3, STM32C031C4U6, STM32C031C6T3, STM32C031C6T6, STM32C031C6U3, STM32C031C6U6, STM32C031F4P3, STM32C031F4P6, STM32C031F6P3, STM32C031F6P6, STM32C031G4U3, STM32C031G4U6, STM32C031G6U3, STM32C031G6U6, STM32C031K4T3, STM32C031K4T6, STM32C031K4U3, STM32C031K4U6, STM32C031K6T3, STM32C031K6T6, STM32C031K6U3, STM32C031K6U6, STM32G071K8TXN, STM32G071K8UXN, STM32G081GBU6N, STM32G081KBT6N, STM32G081KBUXN, STM32G0B1CCT6N, STM32G0B1KCT6, STM32G0B1NEY6TR, STM32G0B1RCT6N, STM32G0C1CCT6, STM32G0C1CCT6N, STM32G0C1CCU6N, STM32G0C1CET6N, STM32G0C1CEU6N, STM32G0C1KCT6, STM32G0C1NEY6TR, STM32G0C1RCI6N, STM32G0C1RCT6N, STM32G0C1REI6N, STM32G0C1RET6N, STM32G0C1VCI6, STM32G0C1VEI6, STM32G471CCT6, STM32G471CCU6, STM32G471CET3, STM32G471CET6, STM32G471CEU3, STM32G471CEU6, STM32G471MCT6, STM32G471MET3, STM32G471MET6, STM32G471MEY6TR, STM32G471QCT6, STM32G471QET3, STM32G471RCT6, STM32G471RET3, STM32G471RET6, STM32G471VCH6, STM32G471VCI6, STM32G471VCT6, STM32G471VEH3, STM32G471VEH6, STM32G471VEI3, STM32G471VEI6, STM32G471VET3, STM32G471VET6, STM32G474CCT6, STM32H503CBT6, STM32H503CBU6, STM32H503EBY6TR, STM32H503KBU6, STM32H503RBT6, STM32H562AGI6, STM32H562AII6, STM32H562IGK6, STM32H562IGT6, STM32H562IIK6, STM32H562IIT6, STM32H562RGT6, STM32H562RGV6, STM32H562RIT6, STM32H562RIV6, STM32H562VGT6, STM32H562VIT6, STM32H562ZGT6, STM32H562ZIT6, STM32H563AGI6, STM32H563AII3Q, STM32H563AII6, STM32H563IGK6, STM32H563IGT6, STM32H563IIK3Q, STM32H563IIK6, STM32H563IIT3Q, STM32H563IIT6, STM32H563MIY3QTR, STM32H563RGT6, STM32H563RGV6, STM32H563RIT6, STM32H563RIV6, STM32H563VGT6, STM32H563VIT3Q, STM32H563VIT6, STM32H563ZGT6, STM32H563ZIT3Q, STM32H563ZIT6, STM32H573AII3Q, STM32H573AII6, STM32H573I-DK, STM32H573IIK3Q, STM32H573IIK6, STM32H573IIT3Q, STM32H573IIT6, STM32H573MIY3QTR, STM32H573RIT6, STM32H573RIV6, STM32H573VIT3Q, STM32H573VIT6, STM32H573ZIT3Q, STM32H573ZIT6, STM32L4R5QGI6STR, STM32MP131AAE3, STM32MP131AAF3, STM32MP131AAG3, STM32MP131CAE3, STM32MP131CAF3, STM32MP131CAG3, STM32MP131DAE7, STM32MP131DAF7, STM32MP131DAG7, STM32MP131FAE7, STM32MP131FAF7, STM32MP131FAG7, STM32MP133AAE3, STM32MP133AAF3, STM32MP133AAG3, STM32MP133CAE3, STM32MP133CAF3, STM32MP133CAG3, STM32MP133DAE7, STM32MP133DAF7, STM32MP133DAG7, STM32MP133FAE7, STM32MP133FAF7, STM32MP133FAG7, STM32MP135AAE3, STM32MP135AAF3, STM32MP135AAG3, STM32MP135CAE3, STM32MP135CAF3, STM32MP135CAG3, STM32MP135DAE7, STM32MP135DAF7, STM32MP135DAG7, STM32MP135F-DK, STM32MP135FAE7, STM32MP135FAF7, STM32MP135FAF7T, STM32MP135FAF7U, STM32MP135FAG7, STM32U535CBT6, STM32U535CBT6Q, STM32U535CBU6, STM32U535CBU6Q, STM32U535CCT6, STM32U535CCT6Q, STM32U535CCU6, STM32U535CCU6Q, STM32U535CET6, STM32U535CET6Q, STM32U535CEU6, STM32U535CEU6Q, STM32U535JEY6QTR, STM32U535NCY6QTR, STM32U535NEY6QTR, STM32U535RBI6, STM32U535RBI6Q, STM32U535RBT6, STM32U535RBT6Q, STM32U535RCI6, STM32U535RCI6Q, STM32U535RCT6, STM32U535RCT6Q, STM32U535REI6, STM32U535REI6Q, STM32U535RET6, STM32U535RET6Q, STM32U535VCI6, STM32U535VCI6Q, STM32U535VCT6, STM32U535VCT6Q, STM32U535VEI6, STM32U535VEI6Q, STM32U535VET6, STM32U535VET6Q, STM32U545CET6, STM32U545CET6Q, STM32U545CEU6, STM32U545CEU6Q, STM32U545JEY6QTR, STM32U545NEY6QTR, STM32U545REI6, STM32U545REI6Q, STM32U545RET6, STM32U545RET6Q, STM32U545VEI6, STM32U545VEI6Q, STM32U545VET6, STM32U545VET6Q, STM32U595AIH6, STM32U595AIH6Q, STM32U595AJH6, STM32U595AJH6Q, STM32U595QII6, STM32U595QII6Q, STM32U595QJI6, STM32U595QJI6Q, STM32U595RIT6, STM32U595RIT6Q, STM32U595RJT6, STM32U595RJT6Q, STM32U595VIT6, STM32U595VIT6Q, STM32U595VJT6, STM32U595VJT6Q, STM32U595ZIT6, STM32U595ZIT6Q, STM32U595ZIY6QTR, STM32U595ZJT6, STM32U595ZJT6Q, STM32U595ZJY6QTR, STM32U599BJY6QTR, STM32U599NIH6Q, STM32U599NJH6Q, STM32U599VIT6Q, STM32U599VJT6, STM32U599VJT6Q, STM32U599ZIT6Q, STM32U599ZIY6QTR, STM32U599ZJT6Q, STM32U599ZJY6QTR, STM32U5A5AJH6, STM32U5A5AJH6Q, STM32U5A5QJI6, STM32U5A5QJI6Q, STM32U5A5RJT6, STM32U5A5RJT6Q, STM32U5A5VJT6, STM32U5A5VJT6Q, STM32U5A5ZJT6, STM32U5A5ZJT6Q, STM32U5A5ZJY6QTR, STM32U5A9BJY6QTR, STM32U5A9J-DK, STM32U5A9NJH6Q, STM32U5A9VJT6Q, STM32U5A9ZJT6Q, STM32U5A9ZJY6QTR, STM32U5F7VIT6, STM32U5F7VIT6Q, STM32U5F7VJT6, STM32U5F7VJT6Q, STM32U5F9BJY6QTR, STM32U5F9NJH6Q, STM32U5F9VIT6Q, STM32U5F9VJT6Q, STM32U5F9ZIJ6QTR, STM32U5F9ZIT6Q, STM32U5F9ZJJ6QTR, STM32U5F9ZJT6Q, STM32U5G7VJT6, STM32U5G7VJT6Q, STM32U5G9BJY6QTR, STM32U5G9J-DK1, STM32U5G9J-DK2, STM32U5G9NJH6Q, STM32U5G9VJT6Q, STM32U5G9ZJJ6QTR, STM32U5G9ZJT6Q, STM32WB1MMCH6, STM32WBA50KEU6, STM32WBA50KEU6TR, STM32WBA50KGU6, STM32WBA50KGU6TR, STM32WBA52CEU6, STM32WBA52CEU6TR, STM32WBA52CEU7, STM32WBA52CEU7TR, STM32WBA52CGU6, STM32WBA52CGU6TR, STM32WBA52CGU6U, STM32WBA52CGU7, STM32WBA52CGU7TR, STM32WBA52KEU6, STM32WBA52KEU6TR, STM32WBA52KGU6, STM32WBA52KGU6TR, STM32WBA54CEU6, STM32WBA54CEU6TR, STM32WBA54CEU7, STM32WBA54CEU7TR, STM32WBA54CGU6, STM32WBA54CGU6TR, STM32WBA54CGU7, STM32WBA54CGU7TR, STM32WBA54KEU6, STM32WBA54KEU6TR, STM32WBA54KEU7, STM32WBA54KEU7TR, STM32WBA54KGU6, STM32WBA54KGU6TR, STM32WBA54KGU7, STM32WBA54KGU7TR, STM32WBA55CEU6, STM32WBA55CEU6TR, STM32WBA55CEU7, STM32WBA55CEU7TR, STM32WBA55CGU6, STM32WBA55CGU6TR, STM32WBA55CGU6U, STM32WBA55CGU7, STM32WBA55CGU7TR, STM32WBA55G-DK1, STM32WBA55HEF6, STM32WBA55HEF7, STM32WBA55HGF6, STM32WBA55HGF7, STM32WBA55UEI6, STM32WBA55UEI6TR, STM32WBA55UEI7, STM32WBA55UEI7TR, STM32WBA55UGI6, STM32WBA55UGI6TR, STM32WBA55UGI7, STM32WBA55UGI7TR, STM32WL5MOCH6, STM32WL5MOCH6TR]
2024-03-29 01:50:47,667 [INFO] ApiDb:668 - CubeFinder database Data Model version=2.1
2024-03-29 01:50:47,667 [INFO] ApiDb:669 - CubeFinder database Configuration version=3.0.39
2024-03-29 01:50:47,667 [INFO] ApiDb:670 - CubeFinder database generation date=2024-03-25 (1711369621)
2024-03-29 01:50:47,667 [INFO] ApiDb:671 - CubeFinder database FW Pack versions=[FP-ATR-ASTRA1_V2.0.0, FP-SNS-FLIGHT1_V5.0.1, FP-SNS-FLIGHT1_V5.0.2, FP-SNS-MOTENV1_V4.3.1, FP-SNS-MOTENV1_V4.3.2, FP-SNS-MOTENVWB1_V1.3.1, FP-SNS-SMARTAG2_V1.2.0, STM32Cube_FW_C0_V1.1.0, STM32Cube_FW_F4_V1.28.0, STM32Cube_FW_F7_V1.17.0, STM32Cube_FW_G0_V1.6.2, STM32Cube_FW_G4_V1.5.2, STM32Cube_FW_H5_V0.5.1, STM32Cube_FW_H5_V1.1.1, STM32Cube_FW_H5_V1.2.0, STM32Cube_FW_H5_V1.2.0RC4, STM32Cube_FW_H7RS_V1.0.0, STM32Cube_FW_H7RS_V1.0.0RC4, STM32Cube_FW_H7_V1.11.0, STM32Cube_FW_L0_V1.12.2, STM32Cube_FW_L5_V1.5.1, STM32Cube_FW_U0_V1.0.0, STM32Cube_FW_U0_V1.0.0RC1, STM32Cube_FW_U5_V1.3.0RC4, STM32Cube_FW_U5_V1.5.0, STM32Cube_FW_U5_V1.5.0RC1, STM32Cube_FW_WBA_V1.0.0RC1, STM32Cube_FW_WBA_V1.2.0, STM32Cube_FW_WBA_V1.2.0RC2, STM32Cube_FW_WBA_V1.3.0, STM32Cube_FW_WBA_V1.3.0RC1, STM32Cube_FW_WB_V1.15.0RC1, STM32Cube_FW_WB_V1.16.0, STM32Cube_FW_WB_V1.16.0RC2, STM32Cube_FW_WB_V1.18.0, STM32Cube_FW_WB_V1.19.0, STM32Cube_FW_WL_V1.3.0, X-CUBE-ALGOBUILD_V1.3.0, X-CUBE-ALS_V1.0.1, X-CUBE-AZRTOS-F4_V1.1.0, X-CUBE-AZRTOS-F7_V1.1.0, X-CUBE-AZRTOS-G0_V1.1.0, X-CUBE-AZRTOS-G4_V2.0.0, X-CUBE-AZRTOS-H7_V3.2.0, X-CUBE-AZRTOS-L4_V1.0.0, X-CUBE-AZRTOS-L4_V2.0.0, X-CUBE-AZRTOS-L5_V1.1.0, X-CUBE-AZRTOS-WB_V2.0.0, X-CUBE-AZRTOS-WL_V2.0.0, X-CUBE-BLE1_V7.0.0, X-CUBE-BLE2_V3.3.0, X-CUBE-BLEMGR_V3.1.0, X-CUBE-EEPRMA1_V4.1.0, X-CUBE-EEPRMA1_V5.1.0, X-CUBE-FREERTOS_V1.1.0, X-CUBE-GNSS1_V6.0.0, X-CUBE-MEMS1_V10.0.0, X-CUBE-MEMS1_V9.1.0, X-CUBE-MEMS1_V9.4.0, X-CUBE-MEMS1_V9.6.0, X-CUBE-NFC4_V3.0.0, X-CUBE-NFC7_V1.0.1, X-CUBE-SFXS2LP1_V4.0.0, X-CUBE-SUBG2_V5.0.0, X-CUBE-TOF1_V3.4.0]
2024-03-29 01:50:50,708 [INFO] ApiDb:240 - Found 371 in-development CPN: [B-G473E-ZEST1S, B-WB1M-WPAN1, B-WL5M-SUBG1, NUCLEO-C031C6, NUCLEO-H503RB, NUCLEO-H563ZI, NUCLEO-U545RE-Q, NUCLEO-U5A5ZJ-Q, NUCLEO-WBA52CG, NUCLEO-WBA55CG, STEVAL-MKBOXPRO, STEVAL-PROTEUS1, STEVAL-STWINBX1, STM320518-EVAL, STM32C0116-DK, STM32C011D6Y3TR, STM32C011D6Y6TR, STM32C011F4P3, STM32C011F4P6, STM32C011F4U3, STM32C011F4U6TR, STM32C011F6P3, STM32C011F6P6, STM32C011F6U3, STM32C011F6U6TR, STM32C011J4M3, STM32C011J4M6, STM32C011J6M3, STM32C011J6M6, STM32C0316-DK, STM32C031C4T3, STM32C031C4T6, STM32C031C4U3, STM32C031C4U6, STM32C031C6T3, STM32C031C6T6, STM32C031C6U3, STM32C031C6U6, STM32C031F4P3, STM32C031F4P6, STM32C031F6P3, STM32C031F6P6, STM32C031G4U3, STM32C031G4U6, STM32C031G6U3, STM32C031G6U6, STM32C031K4T3, STM32C031K4T6, STM32C031K4U3, STM32C031K4U6, STM32C031K6T3, STM32C031K6T6, STM32C031K6U3, STM32C031K6U6, STM32G071K8TXN, STM32G071K8UXN, STM32G081GBU6N, STM32G081KBT6N, STM32G081KBUXN, STM32G0B1CCT6N, STM32G0B1KCT6, STM32G0B1NEY6TR, STM32G0B1RCT6N, STM32G0C1CCT6, STM32G0C1CCT6N, STM32G0C1CCU6N, STM32G0C1CET6N, STM32G0C1CEU6N, STM32G0C1KCT6, STM32G0C1NEY6TR, STM32G0C1RCI6N, STM32G0C1RCT6N, STM32G0C1REI6N, STM32G0C1RET6N, STM32G0C1VCI6, STM32G0C1VEI6, STM32G471CCT6, STM32G471CCU6, STM32G471CET3, STM32G471CET6, STM32G471CEU3, STM32G471CEU6, STM32G471MCT6, STM32G471MET3, STM32G471MET6, STM32G471MEY6TR, STM32G471QCT6, STM32G471QET3, STM32G471RCT6, STM32G471RET3, STM32G471RET6, STM32G471VCH6, STM32G471VCI6, STM32G471VCT6, STM32G471VEH3, STM32G471VEH6, STM32G471VEI3, STM32G471VEI6, STM32G471VET3, STM32G471VET6, STM32G474CCT6, STM32H503CBT6, STM32H503CBU6, STM32H503EBY6TR, STM32H503KBU6, STM32H503RBT6, STM32H562AGI6, STM32H562AII6, STM32H562IGK6, STM32H562IGT6, STM32H562IIK6, STM32H562IIT6, STM32H562RGT6, STM32H562RGV6, STM32H562RIT6, STM32H562RIV6, STM32H562VGT6, STM32H562VIT6, STM32H562ZGT6, STM32H562ZIT6, STM32H563AGI6, STM32H563AII3Q, STM32H563AII6, STM32H563IGK6, STM32H563IGT6, STM32H563IIK3Q, STM32H563IIK6, STM32H563IIT3Q, STM32H563IIT6, STM32H563MIY3QTR, STM32H563RGT6, STM32H563RGV6, STM32H563RIT6, STM32H563RIV6, STM32H563VGT6, STM32H563VIT3Q, STM32H563VIT6, STM32H563ZGT6, STM32H563ZIT3Q, STM32H563ZIT6, STM32H573AII3Q, STM32H573AII6, STM32H573I-DK, STM32H573IIK3Q, STM32H573IIK6, STM32H573IIT3Q, STM32H573IIT6, STM32H573MIY3QTR, STM32H573RIT6, STM32H573RIV6, STM32H573VIT3Q, STM32H573VIT6, STM32H573ZIT3Q, STM32H573ZIT6, STM32L4R5QGI6STR, STM32MP131AAE3, STM32MP131AAF3, STM32MP131AAG3, STM32MP131CAE3, STM32MP131CAF3, STM32MP131CAG3, STM32MP131DAE7, STM32MP131DAF7, STM32MP131DAG7, STM32MP131FAE7, STM32MP131FAF7, STM32MP131FAG7, STM32MP133AAE3, STM32MP133AAF3, STM32MP133AAG3, STM32MP133CAE3, STM32MP133CAF3, STM32MP133CAG3, STM32MP133DAE7, STM32MP133DAF7, STM32MP133DAG7, STM32MP133FAE7, STM32MP133FAF7, STM32MP133FAG7, STM32MP135AAE3, STM32MP135AAF3, STM32MP135AAG3, STM32MP135CAE3, STM32MP135CAF3, STM32MP135CAG3, STM32MP135DAE7, STM32MP135DAF7, STM32MP135DAG7, STM32MP135F-DK, STM32MP135FAE7, STM32MP135FAF7, STM32MP135FAF7T, STM32MP135FAF7U, STM32MP135FAG7, STM32U535CBT6, STM32U535CBT6Q, STM32U535CBU6, STM32U535CBU6Q, STM32U535CCT6, STM32U535CCT6Q, STM32U535CCU6, STM32U535CCU6Q, STM32U535CET6, STM32U535CET6Q, STM32U535CEU6, STM32U535CEU6Q, STM32U535JEY6QTR, STM32U535NCY6QTR, STM32U535NEY6QTR, STM32U535RBI6, STM32U535RBI6Q, STM32U535RBT6, STM32U535RBT6Q, STM32U535RCI6, STM32U535RCI6Q, STM32U535RCT6, STM32U535RCT6Q, STM32U535REI6, STM32U535REI6Q, STM32U535RET6, STM32U535RET6Q, STM32U535VCI6, STM32U535VCI6Q, STM32U535VCT6, STM32U535VCT6Q, STM32U535VEI6, STM32U535VEI6Q, STM32U535VET6, STM32U535VET6Q, STM32U545CET6, STM32U545CET6Q, STM32U545CEU6, STM32U545CEU6Q, STM32U545JEY6QTR, STM32U545NEY6QTR, STM32U545REI6, STM32U545REI6Q, STM32U545RET6, STM32U545RET6Q, STM32U545VEI6, STM32U545VEI6Q, STM32U545VET6, STM32U545VET6Q, STM32U595AIH6, STM32U595AIH6Q, STM32U595AJH6, STM32U595AJH6Q, STM32U595QII6, STM32U595QII6Q, STM32U595QJI6, STM32U595QJI6Q, STM32U595RIT6, STM32U595RIT6Q, STM32U595RJT6, STM32U595RJT6Q, STM32U595VIT6, STM32U595VIT6Q, STM32U595VJT6, STM32U595VJT6Q, STM32U595ZIT6, STM32U595ZIT6Q, STM32U595ZIY6QTR, STM32U595ZJT6, STM32U595ZJT6Q, STM32U595ZJY6QTR, STM32U599BJY6QTR, STM32U599NIH6Q, STM32U599NJH6Q, STM32U599VIT6Q, STM32U599VJT6, STM32U599VJT6Q, STM32U599ZIT6Q, STM32U599ZIY6QTR, STM32U599ZJT6Q, STM32U599ZJY6QTR, STM32U5A5AJH6, STM32U5A5AJH6Q, STM32U5A5QJI6, STM32U5A5QJI6Q, STM32U5A5RJT6, STM32U5A5RJT6Q, STM32U5A5VJT6, STM32U5A5VJT6Q, STM32U5A5ZJT6, STM32U5A5ZJT6Q, STM32U5A5ZJY6QTR, STM32U5A9BJY6QTR, STM32U5A9J-DK, STM32U5A9NJH6Q, STM32U5A9VJT6Q, STM32U5A9ZJT6Q, STM32U5A9ZJY6QTR, STM32U5F7VIT6, STM32U5F7VIT6Q, STM32U5F7VJT6, STM32U5F7VJT6Q, STM32U5F9BJY6QTR, STM32U5F9NJH6Q, STM32U5F9VIT6Q, STM32U5F9VJT6Q, STM32U5F9ZIJ6QTR, STM32U5F9ZIT6Q, STM32U5F9ZJJ6QTR, STM32U5F9ZJT6Q, STM32U5G7VJT6, STM32U5G7VJT6Q, STM32U5G9BJY6QTR, STM32U5G9J-DK1, STM32U5G9J-DK2, STM32U5G9NJH6Q, STM32U5G9VJT6Q, STM32U5G9ZJJ6QTR, STM32U5G9ZJT6Q, STM32WB1MMCH6, STM32WBA50KEU6, STM32WBA50KEU6TR, STM32WBA50KGU6, STM32WBA50KGU6TR, STM32WBA52CEU6, STM32WBA52CEU6TR, STM32WBA52CEU7, STM32WBA52CEU7TR, STM32WBA52CGU6, STM32WBA52CGU6TR, STM32WBA52CGU6U, STM32WBA52CGU7, STM32WBA52CGU7TR, STM32WBA52KEU6, STM32WBA52KEU6TR, STM32WBA52KGU6, STM32WBA52KGU6TR, STM32WBA54CEU6, STM32WBA54CEU6TR, STM32WBA54CEU7, STM32WBA54CEU7TR, STM32WBA54CGU6, STM32WBA54CGU6TR, STM32WBA54CGU7, STM32WBA54CGU7TR, STM32WBA54KEU6, STM32WBA54KEU6TR, STM32WBA54KEU7, STM32WBA54KEU7TR, STM32WBA54KGU6, STM32WBA54KGU6TR, STM32WBA54KGU7, STM32WBA54KGU7TR, STM32WBA55CEU6, STM32WBA55CEU6TR, STM32WBA55CEU7, STM32WBA55CEU7TR, STM32WBA55CGU6, STM32WBA55CGU6TR, STM32WBA55CGU6U, STM32WBA55CGU7, STM32WBA55CGU7TR, STM32WBA55G-DK1, STM32WBA55HEF6, STM32WBA55HEF7, STM32WBA55HGF6, STM32WBA55HGF7, STM32WBA55UEI6, STM32WBA55UEI6TR, STM32WBA55UEI7, STM32WBA55UEI7TR, STM32WBA55UGI6, STM32WBA55UGI6TR, STM32WBA55UGI7, STM32WBA55UGI7TR, STM32WL5MOCH6, STM32WL5MOCH6TR]
2024-03-29 01:50:50,718 [INFO] DbMcus:218 - Found 4069 MCUs, 4069 are supported
2024-03-29 01:50:50,718 [INFO] ApiDb:423 - Load user favorites file C:\Users\hp/.stm32cubeide/favorites.mcus.txt: 0 item(s)
2024-03-29 01:50:50,719 [INFO] ApiDb:427 - User favorites MCUs=[]
2024-03-29 01:50:50,719 [INFO] DbMcus:224 - Set 0 / 0 favorites MCUs
2024-03-29 01:50:51,586 [INFO] BoardInfo:889 - No configuration file found for board NUCLEO-H7S3L8
2024-03-29 01:50:51,586 [INFO] DbBoards:161 - Board is not supported: NUCLEO-H7S3L8
2024-03-29 01:50:51,619 [INFO] BoardInfo:889 - No configuration file found for board NUCLEO-U031R8
2024-03-29 01:50:51,620 [INFO] DbBoards:161 - Board is not supported: NUCLEO-U031R8
2024-03-29 01:50:51,621 [INFO] BoardInfo:889 - No configuration file found for board NUCLEO-U083RC
2024-03-29 01:50:51,621 [INFO] DbBoards:161 - Board is not supported: NUCLEO-U083RC
2024-03-29 01:50:51,638 [INFO] BoardInfo:889 - No configuration file found for board P-NUCLEO-WB55
2024-03-29 01:50:51,638 [INFO] DbBoards:161 - Kit is not supported: P-NUCLEO-WB55
2024-03-29 01:50:51,646 [INFO] BoardInfo:889 - No configuration file found for board STEVAL-BFA001V1B
2024-03-29 01:50:51,647 [INFO] DbBoards:161 - Kit is not supported: STEVAL-BFA001V1B
2024-03-29 01:50:51,648 [INFO] BoardInfo:889 - No configuration file found for board STEVAL-BFA001V2B
2024-03-29 01:50:51,648 [INFO] DbBoards:161 - Kit is not supported: STEVAL-BFA001V2B
2024-03-29 01:50:51,764 [INFO] BoardInfo:889 - No configuration file found for board STM32H7S78-DK
2024-03-29 01:50:51,765 [INFO] DbBoards:161 - Board is not supported: STM32H7S78-DK
2024-03-29 01:50:51,817 [INFO] BoardInfo:889 - No configuration file found for board STM32U083C-DK
2024-03-29 01:50:51,818 [INFO] DbBoards:161 - Board is not supported: STM32U083C-DK
2024-03-29 01:50:51,829 [INFO] DbBoards:168 - Found 198 boards, 190 are supported
2024-03-29 01:50:51,829 [INFO] DbBoards:169 - Found 198 boards, 3 of them is supported for  Bsp
2024-03-29 01:50:51,832 [INFO] ApiDb:414 - User favorites file not found: C:\Users\hp/.stm32cubeide/favorites.boards.txt
2024-03-29 01:50:51,832 [INFO] DbBoards:198 - Set 0 / 0 favorites Boards
2024-03-29 01:50:51,832 [INFO] McuFinderGlobals:76 - Set McuFinderConnectedMode to true
2024-03-29 01:50:51,848 [INFO] MultiScanPanel:200 - Auto-refresh data requested => check proxy status ongoing
2024-03-29 01:50:51,852 [INFO] FinderPluginLoader:95 - Searching for filters in installed packs
2024-03-29 01:50:54,183 [INFO] LoadUrlFilesThread:185 - End of LoadServerUrlFiles without Thread
2024-03-29 01:50:54,247 [INFO] DetailPanel:341 - Set advertising image to C:/Users/hp/STM32Cube/Repository/\en.prom-stm32wl3-mcu-finder.jpg
2024-03-29 01:54:57,035 [INFO] MainUpdater:2873 - connection check result : 10
2024-03-29 01:54:57,036 [INFO] MainUpdater:2873 - connection check result : 10
2024-03-29 01:55:10,417 [INFO] MicroXplorer:468 - Change Database Path : 
2024-03-29 01:55:10,417 [INFO] MicroXplorer:498 - Change Database Version : DB.6.0.100
2024-03-29 01:55:10,427 [WARN] ThirdParty:871 - waiting for thirdparty lock release [close project]
2024-03-29 01:55:10,427 [INFO] ThirdParty:873 - entering critical section [close project]
2024-03-29 01:55:10,428 [INFO] ThirdParty:883 - exiting critical section [close project]
2024-03-29 01:55:10,430 [INFO] PinOutPanel:1499 - setPackage(No Configuration,No Configuration)
2024-03-29 01:55:10,462 [INFO] UtilMem:75 - Begin LoadConfig() Used Memory: 847995608 Bytes (1073741824)
2024-03-29 01:55:10,465 [INFO] MicroXplorer:468 - Change Database Path : 
2024-03-29 01:55:10,465 [INFO] MicroXplorer:498 - Change Database Version : DB.6.0.100
2024-03-29 01:55:10,465 [INFO] OpenFileManager:312 - Change cursor
2024-03-29 01:55:10,537 [INFO] Mcu:2016 - Initializing MCU STM32F746NGHx STM32F746NGHx STM32F746NGH6
2024-03-29 01:55:16,145 [INFO] Context:659 - Trying to add GPIOservice into a context  which must be forbidden
2024-03-29 01:55:17,552 [INFO] ImportTextPane:194 - (OptionalMessage_ERROR) Unable to find key (Mcu.ThirdPartyNb) in loaded IOC file
2024-03-29 01:55:17,552 [INFO] ImportTextPane:194 - (OptionalMessage_ERROR) Unable to find key (Mcu.PinsNb) in loaded IOC file
2024-03-29 01:55:17,552 [INFO] ImportTextPane:194 - (OptionalMessage_ERROR) Unable to find key (Mcu.IPNb) in loaded IOC file
2024-03-29 01:55:17,818 [INFO] RtosManager:555 - Registered RTOS mode: class=CMSIS, group=RTOS, mode=CMSIS_V1, owner=FREERTOS
2024-03-29 01:55:17,818 [INFO] RtosManager:555 - Registered RTOS mode: class=CMSIS, group=RTOS2, mode=CMSIS_V2, owner=FREERTOS
2024-03-29 01:55:17,818 [INFO] RtosManager:555 - Registered RTOS mode: class=RTOS, group=Core, mode=CMSIS_V1, owner=FREERTOS
2024-03-29 01:55:17,819 [INFO] RtosManager:555 - Registered RTOS mode: class=RTOS, group=Core, mode=CMSIS_V2, owner=FREERTOS
2024-03-29 01:55:17,819 [WARN] ModelIntegratedComponent:184 - Missing modes for component STMicroelectronics:FreeRTOS:0.0.1:STMicroelectronics:RTOS:FreeRTOS:Core:::10.2.0:
2024-03-29 01:55:17,856 [WARN] ModelIntegratedComponent:63 - No mode defined for component null
2024-03-29 01:55:17,856 [WARN] ModelIntegratedComponent:63 - No mode defined for component null
2024-03-29 01:55:17,856 [WARN] ModelIntegratedComponent:63 - No mode defined for component null
2024-03-29 01:55:17,857 [WARN] ModelIntegratedComponent:63 - No mode defined for component null
2024-03-29 01:55:17,857 [WARN] ModelIntegratedComponent:63 - No mode defined for component null
2024-03-29 01:55:17,857 [WARN] ModelIntegratedComponent:63 - No mode defined for component null
2024-03-29 01:55:17,857 [WARN] ModelIntegratedComponent:63 - No mode defined for component null
2024-03-29 01:55:17,857 [WARN] ModelIntegratedComponent:63 - No mode defined for component null
2024-03-29 01:55:17,857 [WARN] ModelIntegratedComponent:63 - No mode defined for component null
2024-03-29 01:55:17,857 [WARN] ModelIntegratedComponent:63 - No mode defined for component null
2024-03-29 01:55:17,857 [WARN] ModelIntegratedComponent:63 - No mode defined for component null
2024-03-29 01:55:17,857 [WARN] ModelIntegratedComponent:63 - No mode defined for component null
2024-03-29 01:55:17,858 [WARN] ModelIntegratedComponent:63 - No mode defined for component null
2024-03-29 01:55:17,858 [WARN] ModelIntegratedComponent:63 - No mode defined for component null
2024-03-29 01:55:17,858 [WARN] ModelIntegratedComponent:63 - No mode defined for component null
2024-03-29 01:55:17,858 [WARN] ModelIntegratedComponent:63 - No mode defined for component null
2024-03-29 01:55:17,858 [WARN] ModelIntegratedComponent:63 - No mode defined for component null
2024-03-29 01:55:17,858 [WARN] ModelIntegratedComponent:63 - No mode defined for component null
2024-03-29 01:55:17,858 [WARN] ModelIntegratedComponent:63 - No mode defined for component null
2024-03-29 01:55:17,858 [WARN] ModelIntegratedComponent:63 - No mode defined for component null
2024-03-29 01:55:17,858 [WARN] ModelIntegratedComponent:63 - No mode defined for component null
2024-03-29 01:55:17,858 [WARN] ModelIntegratedComponent:63 - No mode defined for component null
2024-03-29 01:55:17,858 [WARN] ModelIntegratedComponent:63 - No mode defined for component null
2024-03-29 01:55:17,858 [WARN] ModelIntegratedComponent:63 - No mode defined for component null
2024-03-29 01:55:17,859 [WARN] ModelIntegratedComponent:63 - No mode defined for component null
2024-03-29 01:55:17,859 [WARN] ModelIntegratedComponent:63 - No mode defined for component null
2024-03-29 01:55:17,859 [WARN] ModelIntegratedComponent:63 - No mode defined for component null
2024-03-29 01:55:17,859 [WARN] ModelIntegratedComponent:63 - No mode defined for component null
2024-03-29 01:55:17,859 [WARN] ModelIntegratedComponent:63 - No mode defined for component null
2024-03-29 01:55:17,859 [WARN] ModelIntegratedComponent:63 - No mode defined for component null
2024-03-29 01:55:17,859 [WARN] ModelIntegratedComponent:63 - No mode defined for component null
2024-03-29 01:55:17,859 [WARN] ModelIntegratedComponent:63 - No mode defined for component null
2024-03-29 01:55:17,859 [WARN] ModelIntegratedComponent:63 - No mode defined for component null
2024-03-29 01:55:18,306 [INFO] ThirdPartyModel:298 - Start build external matchings
2024-03-29 01:55:19,125 [INFO] ThirdPartyModel:316 - End build external matchings
2024-03-29 01:55:20,517 [INFO] UtilMem:75 - End LoadConfig() Used Memory: 716541184 Bytes (1073741824)
2024-03-29 01:55:20,553 [INFO] MicroXplorer:468 - Change Database Path : 
2024-03-29 01:55:20,554 [INFO] MicroXplorer:498 - Change Database Version : DB.6.0.100
2024-03-29 01:55:20,555 [WARN] ThirdParty:833 - waiting for thirdparty lock release [change project]
2024-03-29 01:55:20,555 [INFO] ThirdParty:835 - entering critical section [change project]
2024-03-29 01:55:20,555 [INFO] ThirdParty:1030 - CMSIS Pack Vendor :STMicroelectronics USBPD 4.1
2024-03-29 01:55:20,556 [INFO] ThirdParty:1030 - CMSIS Pack Vendor :STMicroelectronics X-CUBE-GNSS1 6.0.0
2024-03-29 01:55:20,556 [INFO] ThirdParty:1030 - CMSIS Pack Vendor :STMicroelectronics USB_HOST 2.0.0
2024-03-29 01:55:20,556 [INFO] ThirdParty:1030 - CMSIS Pack Vendor :STMicroelectronics X-CUBE-AZRTOS-F4 1.1.0
2024-03-29 01:55:20,556 [INFO] ThirdParty:1030 - CMSIS Pack Vendor :STMicroelectronics LIBJPEG 8.0.0
2024-03-29 01:55:20,556 [INFO] ThirdParty:1030 - CMSIS Pack Vendor :STMicroelectronics X-CUBE-SMBUS 2.1.0
2024-03-29 01:55:20,556 [INFO] ThirdParty:1030 - CMSIS Pack Vendor :STMicroelectronics USB_DEVICE 3.0.0
2024-03-29 01:55:20,556 [INFO] ThirdParty:1030 - CMSIS Pack Vendor :STMicroelectronics X-CUBE-AZRTOS-WB 2.0.0
2024-03-29 01:55:20,556 [INFO] ThirdParty:1030 - CMSIS Pack Vendor :wolfSSL I-CUBE-wolfSSL 5.6.6
2024-03-29 01:55:20,556 [INFO] ThirdParty:1030 - CMSIS Pack Vendor :STMicroelectronics X-CUBE-TOUCHGFX 4.23.1
2024-03-29 01:55:20,556 [INFO] ThirdParty:1030 - CMSIS Pack Vendor :STMicroelectronics X-CUBE-TOUCHGFX 4.23.0
2024-03-29 01:55:20,556 [INFO] ThirdParty:1030 - CMSIS Pack Vendor :STMicroelectronics X-CUBE-AZRTOS-F7 1.1.0
2024-03-29 01:55:20,557 [INFO] ThirdParty:1030 - CMSIS Pack Vendor :STMicroelectronics X-CUBE-AZRTOS-L5 2.0.0
2024-03-29 01:55:20,557 [INFO] ThirdParty:1030 - CMSIS Pack Vendor :STMicroelectronics USB_DEVICE 2.0.0
2024-03-29 01:55:20,557 [INFO] ThirdParty:1030 - CMSIS Pack Vendor :STMicroelectronics X-CUBE-NFC6 3.1.0
2024-03-29 01:55:20,557 [INFO] ThirdParty:1030 - CMSIS Pack Vendor :ITTIA_DB I-CUBE-ITTIADB 8.8.0
2024-03-29 01:55:20,557 [INFO] ThirdParty:1030 - CMSIS Pack Vendor :STMicroelectronics FP-SNS-MOTENV1 4.3.2
2024-03-29 01:55:20,557 [INFO] ThirdParty:1030 - CMSIS Pack Vendor :STMicroelectronics X-CUBE-ALGOBUILD 1.3.0
2024-03-29 01:55:20,557 [INFO] ThirdParty:1030 - CMSIS Pack Vendor :STMicroelectronics FreeRTOS 0.0.1
2024-03-29 01:55:20,557 [INFO] ThirdParty:1030 - CMSIS Pack Vendor :STMicroelectronics X-CUBE-AZRTOS-G0 1.1.0
2024-03-29 01:55:20,557 [INFO] ThirdParty:1030 - CMSIS Pack Vendor :STMicroelectronics X-CUBE-SAFEA1 1.2.2
2024-03-29 01:55:20,557 [INFO] ThirdParty:1030 - CMSIS Pack Vendor :STMicroelectronics X-CUBE-NFC4 3.0.0
2024-03-29 01:55:20,557 [INFO] ThirdParty:1030 - CMSIS Pack Vendor :STMicroelectronics X-CUBE-SUBG2 5.0.0
2024-03-29 01:55:20,557 [INFO] ThirdParty:1030 - CMSIS Pack Vendor :STMicroelectronics STM32_WPAN 1.0.0
2024-03-29 01:55:20,558 [INFO] ThirdParty:1030 - CMSIS Pack Vendor :STMicroelectronics lwIP 2.0.3
2024-03-29 01:55:20,558 [INFO] ThirdParty:1030 - CMSIS Pack Vendor :STMicroelectronics FP-SNS-FLIGHT1 5.0.2
2024-03-29 01:55:20,558 [INFO] ThirdParty:1030 - CMSIS Pack Vendor :STMicroelectronics USB_HOST 1.0.0
2024-03-29 01:55:20,558 [INFO] ThirdParty:1030 - CMSIS Pack Vendor :STMicroelectronics X-CUBE-AZRTOS-G4 2.0.0
2024-03-29 01:55:20,558 [INFO] ThirdParty:1030 - CMSIS Pack Vendor :STMicroelectronics PDM2PCM 3.1.0
2024-03-29 01:55:20,558 [INFO] ThirdParty:1030 - CMSIS Pack Vendor :Infineon AIROC-Wi-Fi-Bluetooth-STM32 1.5.1
2024-03-29 01:55:20,558 [INFO] ThirdParty:1030 - CMSIS Pack Vendor :STMicroelectronics PDM2PCM 3.3.0
2024-03-29 01:55:20,558 [INFO] ThirdParty:1030 - CMSIS Pack Vendor :STMicroelectronics X-CUBE-DISPLAY 3.0.0
2024-03-29 01:55:20,558 [INFO] ThirdParty:1030 - CMSIS Pack Vendor :STMicroelectronics FP-SNS-MOTENVWB1 1.3.1
2024-03-29 01:55:20,558 [INFO] ThirdParty:1030 - CMSIS Pack Vendor :STMicroelectronics X-CUBE-BLE1 7.0.0
2024-03-29 01:55:20,558 [INFO] ThirdParty:1030 - CMSIS Pack Vendor :STMicroelectronics FP-ATR-SIGFOX1 3.2.0
2024-03-29 01:55:20,558 [INFO] ThirdParty:1030 - CMSIS Pack Vendor :STMicroelectronics X-CUBE-ISPU 2.0.0
2024-03-29 01:55:20,558 [INFO] ThirdParty:1030 - CMSIS Pack Vendor :STMicroelectronics X-CUBE-EEPRMA1 5.1.0
2024-03-29 01:55:20,559 [INFO] ThirdParty:1030 - CMSIS Pack Vendor :STMicroelectronics HAL Drivers 0.0.0
2024-03-29 01:55:20,559 [INFO] ThirdParty:1030 - CMSIS Pack Vendor :STMicroelectronics MBEDTLS 2.16.2
2024-03-29 01:55:20,559 [INFO] ThirdParty:1030 - CMSIS Pack Vendor :emotas I-CUBE-CANOPEN 1.3.0
2024-03-29 01:55:20,559 [INFO] ThirdParty:1030 - CMSIS Pack Vendor :STMicroelectronics X-CUBE-MEMS1 10.0.0
2024-03-29 01:55:20,559 [INFO] ThirdParty:1030 - CMSIS Pack Vendor :STMicroelectronics X-CUBE-FREERTOS 1.1.0
2024-03-29 01:55:20,559 [INFO] ThirdParty:1030 - CMSIS Pack Vendor :STMicroelectronics X-CUBE-NFC7 1.0.1
2024-03-29 01:55:20,559 [INFO] ThirdParty:1030 - CMSIS Pack Vendor :STMicroelectronics MBEDTLS 2.14.1
2024-03-29 01:55:20,559 [INFO] ThirdParty:1030 - CMSIS Pack Vendor :STMicroelectronics X-CUBE-NFC6 3.0.0
2024-03-29 01:55:20,559 [INFO] ThirdParty:1030 - CMSIS Pack Vendor :portGmbH I-Cube-SoM-uGOAL 1.1.0
2024-03-29 01:55:20,559 [INFO] ThirdParty:1030 - CMSIS Pack Vendor :STMicroelectronics X-CUBE-ALS 1.0.1
2024-03-29 01:55:20,559 [INFO] ThirdParty:1030 - CMSIS Pack Vendor :STMicroelectronics X-CUBE-BLEMGR 3.1.0
2024-03-29 01:55:20,559 [INFO] ThirdParty:1030 - CMSIS Pack Vendor :STMicroelectronics ThreadX 1.0.0
2024-03-29 01:55:20,559 [INFO] ThirdParty:1030 - CMSIS Pack Vendor :STMicroelectronics FP-SNS-SMARTAG2 1.2.0
2024-03-29 01:55:20,560 [INFO] ThirdParty:1030 - CMSIS Pack Vendor :STMicroelectronics X-CUBE-AZRTOS-WL 2.0.0
2024-03-29 01:55:20,560 [INFO] ThirdParty:1030 - CMSIS Pack Vendor :SEGGER I-CUBE-embOS 1.3.1
2024-03-29 01:55:20,560 [INFO] ThirdParty:1030 - CMSIS Pack Vendor :STMicroelectronics FP-SNS-MOTENV1 5.0.0
2024-03-29 01:55:20,560 [INFO] ThirdParty:1030 - CMSIS Pack Vendor :STMicroelectronics USB_DEVICE 1.0.0
2024-03-29 01:55:20,560 [INFO] ThirdParty:1030 - CMSIS Pack Vendor :STMicroelectronics X-CUBE-AI 8.1.0
2024-03-29 01:55:20,560 [INFO] ThirdParty:1030 - CMSIS Pack Vendor :STMicroelectronics X-CUBE-AZRTOS-L4 2.0.0
2024-03-29 01:55:20,560 [INFO] ThirdParty:1030 - CMSIS Pack Vendor :STMicroelectronics ThreadX 0.0.2
2024-03-29 01:55:20,560 [INFO] ThirdParty:1030 - CMSIS Pack Vendor :WES I-CUBE-Cesium 1.3.0
2024-03-29 01:55:20,560 [INFO] ThirdParty:1030 - CMSIS Pack Vendor :STMicroelectronics FP-ATR-ASTRA1 2.0.0
2024-03-29 01:55:20,560 [INFO] ThirdParty:1030 - CMSIS Pack Vendor :STMicroelectronics lwIP 2.1.2
2024-03-29 01:55:20,560 [INFO] ThirdParty:1030 - CMSIS Pack Vendor :STMicroelectronics X-CUBE-SFXS2LP1 4.0.0
2024-03-29 01:55:20,560 [INFO] ThirdParty:1030 - CMSIS Pack Vendor :STMicroelectronics X-CUBE-BLE2 3.3.0
2024-03-29 01:55:20,561 [INFO] ThirdParty:1030 - CMSIS Pack Vendor :STMicroelectronics X-CUBE-TOF1 3.4.1
2024-03-29 01:55:20,561 [INFO] ThirdParty:1030 - CMSIS Pack Vendor :STMicroelectronics X-CUBE-AZRTOS-H7 3.2.0
2024-03-29 01:55:20,561 [INFO] ThirdParty:1030 - CMSIS Pack Vendor :STMicroelectronics PDM2PCM 3.2.0
2024-03-29 01:55:20,561 [INFO] ThirdParty:841 - exiting critical section [change project]
2024-03-29 01:55:21,601 [INFO] PinOutPanel:1499 - setPackage(No Configuration,No Configuration)
2024-03-29 01:55:21,602 [INFO] PinOutPanel:1499 - setPackage(STM32F746NGHx,TFBGA216)
2024-03-29 01:55:24,073 [INFO] UtilMem:75 - Before build in PCC Used Memory: 698666400 Bytes (1073741824)
2024-03-29 01:55:25,871 [INFO] UtilMem:75 - After build in PCC Used Memory: 775212424 Bytes (1073741824)
2024-03-29 01:55:25,947 [INFO] IPUIPlugin:80 - create IPUIPlugin
2024-03-29 01:55:25,948 [INFO] IPUIPlugin:80 - create IPUIPlugin
2024-03-29 01:55:25,948 [INFO] IPUIPlugin:80 - create IPUIPlugin
2024-03-29 01:55:25,948 [INFO] IPUIPlugin:80 - create IPUIPlugin
2024-03-29 01:55:25,948 [INFO] IPUIPlugin:80 - create IPUIPlugin
2024-03-29 01:55:25,949 [INFO] IPUIPlugin:80 - create IPUIPlugin
2024-03-29 01:55:25,953 [INFO] IPUIPlugin:80 - create IPUIPlugin
2024-03-29 01:55:25,954 [INFO] IPUIPlugin:80 - create IPUIPlugin
2024-03-29 01:55:25,954 [INFO] IPUIPlugin:80 - create IPUIPlugin
2024-03-29 01:55:25,954 [INFO] IPUIPlugin:80 - create IPUIPlugin
2024-03-29 01:55:25,954 [INFO] IPUIPlugin:80 - create IPUIPlugin
2024-03-29 01:55:25,957 [INFO] IPUIPlugin:80 - create IPUIPlugin
2024-03-29 01:55:25,958 [INFO] IPUIPlugin:80 - create IPUIPlugin
2024-03-29 01:55:25,958 [INFO] IPUIPlugin:80 - create IPUIPlugin
2024-03-29 01:55:25,958 [INFO] IPUIPlugin:80 - create IPUIPlugin
2024-03-29 01:55:25,958 [INFO] IPUIPlugin:80 - create IPUIPlugin
2024-03-29 01:55:25,959 [INFO] IPUIPlugin:80 - create IPUIPlugin
2024-03-29 01:55:25,959 [INFO] IPUIPlugin:80 - create IPUIPlugin
2024-03-29 01:55:25,961 [INFO] IPUIPlugin:80 - create IPUIPlugin
2024-03-29 01:55:25,961 [INFO] IPUIPlugin:80 - create IPUIPlugin
2024-03-29 01:55:25,961 [INFO] IPUIPlugin:80 - create IPUIPlugin
2024-03-29 01:55:25,961 [INFO] IPUIPlugin:80 - create IPUIPlugin
2024-03-29 01:55:25,962 [INFO] IPUIPlugin:80 - create IPUIPlugin
2024-03-29 01:55:25,962 [INFO] IPUIPlugin:80 - create IPUIPlugin
2024-03-29 01:55:25,962 [INFO] IPUIPlugin:80 - create IPUIPlugin
2024-03-29 01:55:25,963 [INFO] IPUIPlugin:80 - create IPUIPlugin
2024-03-29 01:55:25,965 [INFO] IPUIPlugin:80 - create IPUIPlugin
2024-03-29 01:55:25,965 [INFO] IPUIPlugin:80 - create IPUIPlugin
2024-03-29 01:55:25,966 [INFO] IPUIPlugin:80 - create IPUIPlugin
2024-03-29 01:55:25,968 [INFO] IPUIPlugin:80 - create IPUIPlugin
2024-03-29 01:55:25,968 [INFO] IPUIPlugin:80 - create IPUIPlugin
2024-03-29 01:55:25,969 [INFO] IPUIPlugin:80 - create IPUIPlugin
2024-03-29 01:55:25,970 [INFO] IPUIPlugin:80 - create IPUIPlugin
2024-03-29 01:55:25,970 [INFO] IPUIPlugin:80 - create IPUIPlugin
2024-03-29 01:55:25,971 [INFO] IPUIPlugin:80 - create IPUIPlugin
2024-03-29 01:55:25,973 [INFO] IPUIPlugin:80 - create IPUIPlugin
2024-03-29 01:55:25,974 [INFO] IPUIPlugin:80 - create IPUIPlugin
2024-03-29 01:55:25,974 [INFO] IPUIPlugin:80 - create IPUIPlugin
2024-03-29 01:55:25,975 [INFO] IPUIPlugin:80 - create IPUIPlugin
2024-03-29 01:55:25,976 [INFO] IPUIPlugin:80 - create IPUIPlugin
2024-03-29 01:55:25,977 [INFO] IPUIPlugin:80 - create IPUIPlugin
2024-03-29 01:55:25,978 [INFO] IPUIPlugin:80 - create IPUIPlugin
2024-03-29 01:55:25,978 [INFO] IPUIPlugin:80 - create IPUIPlugin
2024-03-29 01:55:25,979 [INFO] IPUIPlugin:80 - create IPUIPlugin
2024-03-29 01:55:25,980 [INFO] IPUIPlugin:80 - create IPUIPlugin
2024-03-29 01:55:25,980 [INFO] IPUIPlugin:80 - create IPUIPlugin
2024-03-29 01:55:25,981 [INFO] IPUIPlugin:80 - create IPUIPlugin
2024-03-29 01:55:25,982 [INFO] IPUIPlugin:80 - create IPUIPlugin
2024-03-29 01:55:25,984 [INFO] IPUIPlugin:80 - create IPUIPlugin
2024-03-29 01:55:25,985 [INFO] IPUIPlugin:80 - create IPUIPlugin
2024-03-29 01:55:25,986 [INFO] IPUIPlugin:80 - create IPUIPlugin
2024-03-29 01:55:25,986 [INFO] IPUIPlugin:80 - create IPUIPlugin
2024-03-29 01:55:25,987 [INFO] IPUIPlugin:80 - create IPUIPlugin
2024-03-29 01:55:25,988 [INFO] IPUIPlugin:80 - create IPUIPlugin
2024-03-29 01:55:25,989 [INFO] IPUIPlugin:80 - create IPUIPlugin
2024-03-29 01:55:25,990 [INFO] IPUIPlugin:80 - create IPUIPlugin
2024-03-29 01:55:25,990 [INFO] IPUIPlugin:80 - create IPUIPlugin
2024-03-29 01:55:25,991 [INFO] IPUIPlugin:80 - create IPUIPlugin
2024-03-29 01:55:25,992 [INFO] IPUIPlugin:80 - create IPUIPlugin
2024-03-29 01:55:25,992 [INFO] IPUIPlugin:80 - create IPUIPlugin
2024-03-29 01:55:25,993 [INFO] IPUIPlugin:80 - create IPUIPlugin
2024-03-29 01:55:25,994 [INFO] IPUIPlugin:80 - create IPUIPlugin
2024-03-29 01:55:25,995 [INFO] IPUIPlugin:80 - create IPUIPlugin
2024-03-29 01:55:25,996 [INFO] IPUIPlugin:80 - create IPUIPlugin
2024-03-29 01:55:25,997 [INFO] IPUIPlugin:80 - create IPUIPlugin
2024-03-29 01:55:25,998 [INFO] IPUIPlugin:80 - create IPUIPlugin
2024-03-29 01:55:25,999 [INFO] IPUIPlugin:80 - create IPUIPlugin
2024-03-29 01:55:26,000 [INFO] IPUIPlugin:80 - create IPUIPlugin
2024-03-29 01:55:26,001 [INFO] IPUIPlugin:80 - create IPUIPlugin
2024-03-29 01:55:26,002 [INFO] IPUIPlugin:80 - create IPUIPlugin
2024-03-29 01:55:26,003 [INFO] IPUIPlugin:80 - create IPUIPlugin
2024-03-29 01:55:26,004 [INFO] IPUIPlugin:80 - create IPUIPlugin
2024-03-29 01:55:26,005 [INFO] IPUIPlugin:80 - create IPUIPlugin
2024-03-29 01:55:26,006 [INFO] IPUIPlugin:80 - create IPUIPlugin
2024-03-29 01:55:26,164 [INFO] ApiDbMcu:508 - Load IP Config File for PDM2PCM
2024-03-29 01:55:26,511 [INFO] CADModel:165 - CPN selected for project levelSTM32F746NGH6
2024-03-29 01:55:26,511 [INFO] CADModel:114 - Register for checkConnection events
2024-03-29 01:55:26,570 [INFO] OpenFileManager:343 - Restore cursor
2024-03-29 01:55:28,143 [INFO] UtilMem:75 - End SaveConfig() Used Memory: 622233400 Bytes (1073741824)
2024-03-29 01:55:28,456 [INFO] UtilMem:75 - End SaveConfig() Used Memory: 616104440 Bytes (1073741824)
2024-03-29 01:55:29,508 [INFO] BlockDiagram:2759 - set Specific Code input for plugin: RCC
2024-03-29 01:55:29,508 [INFO] BlockDiagram:2759 - set Specific Code input for plugin: NVIC
2024-03-29 01:55:29,508 [INFO] BlockDiagram:2759 - set Specific Code input for plugin: CORTEX_M7
2024-03-29 01:55:29,510 [INFO] CodeGenerator:807 - code generatio: config db path: D:\STM32CubeIDE_1.14.0\STM32CubeIDE\plugins\com.st.stm32cube.common.mx_6.10.0.202311202037\\db\
2024-03-29 01:55:30,160 [INFO] CodeEngine:255 - oldGeneratedFile, D:\workspaceIDE\TpFreetos\MXTmpFiles\license.tmp_save
2024-03-29 01:55:31,009 [INFO] CodeEngine:279 - Generated code: D:\workspaceIDE\TpFreetos\MXTmpFiles\license.tmp
2024-03-29 01:55:31,312 [INFO] CodeEngine:255 - oldGeneratedFile, D:\workspaceIDE\TpFreetos\MXTmpFiles\cortex.tmp_save
2024-03-29 01:55:31,976 [INFO] CodeEngine:279 - Generated code: D:\workspaceIDE\TpFreetos\MXTmpFiles\cortex.tmp
2024-03-29 01:55:31,993 [INFO] CodeEngine:255 - oldGeneratedFile, D:\workspaceIDE\TpFreetos\Core\Src\stm32f7xx_it.c_save
2024-03-29 01:55:32,424 [INFO] CodeEngine:279 - Generated code: D:\workspaceIDE\TpFreetos\Core\Src\stm32f7xx_it.c
2024-03-29 01:55:32,431 [INFO] CodeEngine:255 - oldGeneratedFile, D:\workspaceIDE\TpFreetos\Core\Inc\stm32f7xx_it.h_save
2024-03-29 01:55:32,647 [INFO] CodeEngine:279 - Generated code: D:\workspaceIDE\TpFreetos\Core\Inc\stm32f7xx_it.h
2024-03-29 01:55:32,684 [INFO] CodeEngine:255 - oldGeneratedFile, D:\workspaceIDE\TpFreetos\Core\Src\stm32f7xx_hal_msp.c_save
2024-03-29 01:55:33,175 [INFO] CodeEngine:279 - Generated code: D:\workspaceIDE\TpFreetos\Core\Src\stm32f7xx_hal_msp.c
2024-03-29 01:55:33,181 [INFO] CodeEngine:255 - oldGeneratedFile, D:\workspaceIDE\TpFreetos\MXTmpFiles\system.tmp_save
2024-03-29 01:55:33,360 [INFO] CodeEngine:279 - Generated code: D:\workspaceIDE\TpFreetos\MXTmpFiles\system.tmp
2024-03-29 01:55:33,372 [INFO] CodeEngine:311 - oldGeneratedFile, D:\workspaceIDE\TpFreetos\Core\Inc\stm32f7xx_hal_conf.h_save
2024-03-29 01:55:33,758 [INFO] CodeEngine:335 - Generated code: D:\workspaceIDE\TpFreetos\Core\Inc\stm32f7xx_hal_conf.h
2024-03-29 01:55:33,862 [INFO] CodeEngine:255 - oldGeneratedFile, D:\workspaceIDE\TpFreetos\Core\Inc\main.h_save
2024-03-29 01:55:34,149 [INFO] CodeEngine:279 - Generated code: D:\workspaceIDE\TpFreetos\Core\Inc\main.h
2024-03-29 01:55:34,158 [INFO] CodeEngine:255 - oldGeneratedFile, D:\workspaceIDE\TpFreetos\Core\Src\main.c_save
2024-03-29 01:55:34,433 [INFO] CodeEngine:279 - Generated code: D:\workspaceIDE\TpFreetos\Core\Src\main.c
2024-03-29 01:55:35,877 [INFO] ProjectBuilder:3076 - Time for Copy HAL[2] : 0mS.
2024-03-29 01:55:35,890 [INFO] ProjectBuilder:4485 - Project Generator version: 4.2.0-B44
2024-03-29 01:55:36,616 [INFO] ConfigFileManager:1495 - The Die is : DIE449
2024-03-29 01:55:36,642 [INFO] ApiDbMcu:508 - Load IP Config File for FATFS
2024-03-29 01:55:36,665 [INFO] ApiDbMcu:508 - Load IP Config File for FREERTOS
2024-03-29 01:55:36,670 [INFO] ApiDbMcu:508 - Load IP Config File for LIBJPEG
2024-03-29 01:55:36,683 [INFO] ApiDbMcu:508 - Load IP Config File for LWIP
2024-03-29 01:55:36,696 [INFO] ApiDbMcu:508 - Load IP Config File for MBEDTLS
2024-03-29 01:55:36,712 [INFO] ApiDbMcu:508 - Load IP Config File for USB_DEVICE
2024-03-29 01:55:36,722 [INFO] ApiDbMcu:508 - Load IP Config File for USB_HOST
2024-03-29 01:55:38,621 [INFO] LogOutputStream:77 - [STDOUT_REDIRECT] 
2024-03-29 01:55:44,829 [INFO] ProjectBuilder:4747 - Time for Generating toolchain IDE Files: 8938mS.
2024-03-29 01:55:44,829 [INFO] ProjectBuilder:2947 - Time for Copy CMSIS : 0mS.
2024-03-29 01:55:44,831 [INFO] ProjectBuilder:2947 - Time for Copy CMSIS : 0mS.
2024-03-29 01:55:47,564 [INFO] McuFinderGlobals:76 - Set McuFinderConnectedMode to true
2024-03-29 01:55:47,571 [INFO] ApiDb:448 - Save user favorites file C:\Users\hp/.stm32cubeide/favorites.mcus.txt: 0 item(s)
2024-03-29 01:55:47,571 [INFO] ApiDb:452 - User favorites MCUs=[]
2024-03-29 01:57:22,845 [INFO] RtosManager:919 - Current active RTOS is FREERTOS [Cortex-M7NS]
2024-03-29 01:57:24,347 [ERROR] RtosPanel:558 - Can not restore the selected Tab for FREERTOS(A reason can be that the tab is no more available.)
2024-03-29 01:57:24,580 [ERROR] RtosPanel:558 - Can not restore the selected Tab for FREERTOS(A reason can be that the tab is no more available.)
2024-03-29 01:58:10,079 [ERROR] RtosPanel:558 - Can not restore the selected Tab for FREERTOS(A reason can be that the tab is no more available.)
2024-03-29 01:58:10,399 [ERROR] RtosPanel:558 - Can not restore the selected Tab for FREERTOS(A reason can be that the tab is no more available.)
2024-03-29 01:58:26,256 [ERROR] RtosPanel:558 - Can not restore the selected Tab for FREERTOS(A reason can be that the tab is no more available.)
2024-03-29 02:00:45,204 [ERROR] RtosPanel:558 - Can not restore the selected Tab for FREERTOS(A reason can be that the tab is no more available.)
2024-03-29 02:00:45,342 [WARN] IP:2119 - SDMMCEnable not found: check if there is a RefParameter without a condition.
2024-03-29 02:00:45,342 [WARN] IP:2119 - LSI_VALUE not found: check if there is a RefParameter without a condition.
2024-03-29 02:00:45,342 [WARN] IP:2119 - USART1Enable not found: check if there is a RefParameter without a condition.
2024-03-29 02:00:45,342 [WARN] IP:2119 - HSI_VALUE not found: check if there is a RefParameter without a condition.
2024-03-29 02:00:45,342 [WARN] IP:2119 - USART2Enable not found: check if there is a RefParameter without a condition.
2024-03-29 02:00:45,342 [WARN] IP:2119 - LSE_VALUE not found: check if there is a RefParameter without a condition.
2024-03-29 02:00:45,342 [WARN] IP:2119 - USART3Enable not found: check if there is a RefParameter without a condition.
2024-03-29 02:00:45,342 [WARN] IP:2119 - HSE_VALUE not found: check if there is a RefParameter without a condition.
2024-03-29 02:00:45,342 [WARN] IP:2119 - USART6Enable not found: check if there is a RefParameter without a condition.
2024-03-29 02:00:45,343 [WARN] IP:2119 - EXTERNAL_CLOCK_VALUE not found: check if there is a RefParameter without a condition.
2024-03-29 02:00:45,343 [WARN] IP:2119 - UART4Enable not found: check if there is a RefParameter without a condition.
2024-03-29 02:00:45,343 [WARN] IP:2119 - I2C1Freq_Value not found: check if there is a RefParameter without a condition.
2024-03-29 02:00:45,343 [WARN] IP:2119 - UART5Enable not found: check if there is a RefParameter without a condition.
2024-03-29 02:00:45,343 [WARN] IP:2119 - I2C2Freq_Value not found: check if there is a RefParameter without a condition.
2024-03-29 02:00:45,343 [WARN] IP:2119 - UART7Enable not found: check if there is a RefParameter without a condition.
2024-03-29 02:00:45,343 [WARN] IP:2119 - I2C3Freq_Value not found: check if there is a RefParameter without a condition.
2024-03-29 02:00:45,343 [WARN] IP:2119 - UART8Enable not found: check if there is a RefParameter without a condition.
2024-03-29 02:00:45,343 [WARN] IP:2119 - I2C4Freq_Value not found: check if there is a RefParameter without a condition.
2024-03-29 02:00:45,343 [WARN] IP:2119 - LPTIM1Enable not found: check if there is a RefParameter without a condition.
2024-03-29 02:00:45,343 [WARN] IP:2119 - USART1Freq_Value not found: check if there is a RefParameter without a condition.
2024-03-29 02:00:45,343 [WARN] IP:2119 - I2C1Enable not found: check if there is a RefParameter without a condition.
2024-03-29 02:00:45,343 [WARN] IP:2119 - USART2Freq_Value not found: check if there is a RefParameter without a condition.
2024-03-29 02:00:45,343 [WARN] IP:2119 - I2C2Enable not found: check if there is a RefParameter without a condition.
2024-03-29 02:00:45,343 [WARN] IP:2119 - USART3Freq_Value not found: check if there is a RefParameter without a condition.
2024-03-29 02:00:45,343 [WARN] IP:2119 - I2C3Enable not found: check if there is a RefParameter without a condition.
2024-03-29 02:00:45,343 [WARN] IP:2119 - USART6Freq_Value not found: check if there is a RefParameter without a condition.
2024-03-29 02:00:45,343 [WARN] IP:2119 - I2C4Enable not found: check if there is a RefParameter without a condition.
2024-03-29 02:00:45,343 [WARN] IP:2119 - UART4Freq_Value not found: check if there is a RefParameter without a condition.
2024-03-29 02:00:45,343 [WARN] IP:2119 - SAI1Enable not found: check if there is a RefParameter without a condition.
2024-03-29 02:00:45,343 [WARN] IP:2119 - UART7Freq_Value not found: check if there is a RefParameter without a condition.
2024-03-29 02:00:45,343 [WARN] IP:2119 - SAI2Enable not found: check if there is a RefParameter without a condition.
2024-03-29 02:00:45,344 [WARN] IP:2119 - UART5Freq_Value not found: check if there is a RefParameter without a condition.
2024-03-29 02:00:45,344 [WARN] IP:2119 - I2SEnable not found: check if there is a RefParameter without a condition.
2024-03-29 02:00:45,344 [WARN] IP:2119 - SPDIFEnable not found: check if there is a RefParameter without a condition.
2024-03-29 02:00:45,344 [WARN] IP:2119 - LCDEnable not found: check if there is a RefParameter without a condition.
2024-03-29 02:00:45,344 [WARN] IP:2119 - ExtClockEnable not found: check if there is a RefParameter without a condition.
2024-03-29 02:00:45,344 [WARN] IP:2119 - MCO1OutPutEnable not found: check if there is a RefParameter without a condition.
2024-03-29 02:00:45,344 [WARN] IP:2119 - MCO2OutPutEnable not found: check if there is a RefParameter without a condition.
2024-03-29 02:00:45,344 [WARN] IP:2119 - MCO2I2SEnable not found: check if there is a RefParameter without a condition.
2024-03-29 02:00:45,344 [WARN] IP:2119 - UART8Freq_Value not found: check if there is a RefParameter without a condition.
2024-03-29 02:00:45,345 [WARN] IP:2119 - OscillatorTypeHSE not found: check if there is a RefParameter without a condition.
2024-03-29 02:00:45,345 [WARN] IP:2119 - HSEUsed not found: check if there is a RefParameter without a condition.
2024-03-29 02:00:45,345 [WARN] IP:2119 - LPTIM1Freq_Value not found: check if there is a RefParameter without a condition.
2024-03-29 02:00:45,345 [WARN] IP:2119 - SAI1Freq_Value not found: check if there is a RefParameter without a condition.
2024-03-29 02:00:45,345 [WARN] IP:2119 - HSEState not found: check if there is a RefParameter without a condition.
2024-03-29 02:00:45,345 [WARN] IP:2119 - SAI2Freq_Value not found: check if there is a RefParameter without a condition.
2024-03-29 02:00:45,345 [WARN] IP:2119 - OscillatorTypeLSE not found: check if there is a RefParameter without a condition.
2024-03-29 02:00:45,345 [WARN] IP:2119 - I2SFreq_Value not found: check if there is a RefParameter without a condition.
2024-03-29 02:00:45,345 [WARN] IP:2119 - CECFreq_Value not found: check if there is a RefParameter without a condition.
2024-03-29 02:00:45,345 [WARN] IP:2119 - LSEUsed not found: check if there is a RefParameter without a condition.
2024-03-29 02:00:45,345 [WARN] IP:2119 - RTCFreq_Value not found: check if there is a RefParameter without a condition.
2024-03-29 02:00:45,345 [WARN] IP:2119 - LSEState not found: check if there is a RefParameter without a condition.
2024-03-29 02:00:45,345 [WARN] IP:2119 - USBFreq_Value not found: check if there is a RefParameter without a condition.
2024-03-29 02:00:45,345 [WARN] IP:2119 - OscillatorTypeLSI not found: check if there is a RefParameter without a condition.
2024-03-29 02:00:45,345 [WARN] IP:2119 - SDMMCFreq_Value not found: check if there is a RefParameter without a condition.
2024-03-29 02:00:45,345 [WARN] IP:2119 - LSIUsed not found: check if there is a RefParameter without a condition.
2024-03-29 02:00:45,346 [WARN] IP:2119 - SPDIFRXFreq_Value not found: check if there is a RefParameter without a condition.
2024-03-29 02:00:45,346 [WARN] IP:2119 - OscillatorTypeHSI not found: check if there is a RefParameter without a condition.
2024-03-29 02:00:45,346 [WARN] IP:2119 - LCDTFToutputFreq_Value not found: check if there is a RefParameter without a condition.
2024-03-29 02:00:45,346 [WARN] IP:2119 - HSIUsed not found: check if there is a RefParameter without a condition.
2024-03-29 02:00:45,346 [WARN] IP:2119 - WatchDogFreq_Value not found: check if there is a RefParameter without a condition.
2024-03-29 02:00:45,346 [WARN] IP:2119 - HSIState not found: check if there is a RefParameter without a condition.
2024-03-29 02:00:45,346 [WARN] IP:2119 - SYSCLKFreq_VALUE not found: check if there is a RefParameter without a condition.
2024-03-29 02:00:45,346 [WARN] IP:2119 - PLLUsed not found: check if there is a RefParameter without a condition.
2024-03-29 02:00:45,346 [WARN] IP:2119 - HCLKFreq_Value not found: check if there is a RefParameter without a condition.
2024-03-29 02:00:45,346 [WARN] IP:2119 - PLLState not found: check if there is a RefParameter without a condition.
2024-03-29 02:00:45,346 [WARN] IP:2119 - AHBFreq_Value not found: check if there is a RefParameter without a condition.
2024-03-29 02:00:45,346 [WARN] IP:2119 - ClockType not found: check if there is a RefParameter without a condition.
2024-03-29 02:00:45,346 [WARN] IP:2119 - APB1Freq_Value not found: check if there is a RefParameter without a condition.
2024-03-29 02:00:45,346 [WARN] IP:2119 - ClockTypeSysClk not found: check if there is a RefParameter without a condition.
2024-03-29 02:00:45,346 [WARN] IP:2119 - APB2Freq_Value not found: check if there is a RefParameter without a condition.
2024-03-29 02:00:45,346 [WARN] IP:2119 - ClockTypeHCLK not found: check if there is a RefParameter without a condition.
2024-03-29 02:00:45,346 [WARN] IP:2119 - APB1TimFreq_Value not found: check if there is a RefParameter without a condition.
2024-03-29 02:00:45,346 [WARN] IP:2119 - ClockTypePCLK1 not found: check if there is a RefParameter without a condition.
2024-03-29 02:00:45,346 [WARN] IP:2119 - APB2TimFreq_Value not found: check if there is a RefParameter without a condition.
2024-03-29 02:00:45,346 [WARN] IP:2119 - ClockTypePCLK2 not found: check if there is a RefParameter without a condition.
2024-03-29 02:00:45,346 [WARN] IP:2119 - FCLKCortexFreq_Value not found: check if there is a RefParameter without a condition.
2024-03-29 02:00:45,347 [WARN] IP:2119 - CortexFreq_Value not found: check if there is a RefParameter without a condition.
2024-03-29 02:00:45,347 [WARN] IP:2119 - EthernetFreq_Value not found: check if there is a RefParameter without a condition.
2024-03-29 02:00:45,347 [WARN] IP:2119 - PLLSAIoutputFreq_Value not found: check if there is a RefParameter without a condition.
2024-03-29 02:00:45,347 [WARN] IP:2119 - MCO1PinFreq_Value not found: check if there is a RefParameter without a condition.
2024-03-29 02:00:45,347 [WARN] IP:2119 - MCO2PinFreq_Value not found: check if there is a RefParameter without a condition.
2024-03-29 02:00:45,347 [WARN] IP:2119 - PLLSAIUsed not found: check if there is a RefParameter without a condition.
2024-03-29 02:00:45,347 [WARN] IP:2119 - PLLI2SUsed not found: check if there is a RefParameter without a condition.
2024-03-29 02:00:45,347 [WARN] IP:2119 - EnableHSE not found: check if there is a RefParameter without a condition.
2024-03-29 02:00:45,347 [WARN] IP:2119 - EnableHSERTCDevisor not found: check if there is a RefParameter without a condition.
2024-03-29 02:00:45,347 [WARN] IP:2119 - RTCEnable not found: check if there is a RefParameter without a condition.
2024-03-29 02:00:45,348 [WARN] IP:2119 - EnableLSERTC not found: check if there is a RefParameter without a condition.
2024-03-29 02:00:45,348 [WARN] IP:2119 - EnableLSE not found: check if there is a RefParameter without a condition.
2024-03-29 02:00:45,348 [WARN] IP:2119 - CECEnable not found: check if there is a RefParameter without a condition.
2024-03-29 02:00:45,348 [WARN] IP:2119 - USBEnable not found: check if there is a RefParameter without a condition.
2024-03-29 02:00:45,348 [WARN] IP:2119 - SDMMCEnable not found: check if there is a RefParameter without a condition.
2024-03-29 02:00:45,348 [WARN] IP:2119 - USART1Enable not found: check if there is a RefParameter without a condition.
2024-03-29 02:00:45,348 [WARN] IP:2119 - USART2Enable not found: check if there is a RefParameter without a condition.
2024-03-29 02:00:45,348 [WARN] IP:2119 - USART3Enable not found: check if there is a RefParameter without a condition.
2024-03-29 02:00:45,348 [WARN] IP:2119 - USART6Enable not found: check if there is a RefParameter without a condition.
2024-03-29 02:00:45,348 [WARN] IP:2119 - UART4Enable not found: check if there is a RefParameter without a condition.
2024-03-29 02:00:45,348 [WARN] IP:2119 - UART5Enable not found: check if there is a RefParameter without a condition.
2024-03-29 02:00:45,348 [WARN] IP:2119 - UART7Enable not found: check if there is a RefParameter without a condition.
2024-03-29 02:00:45,348 [WARN] IP:2119 - UART8Enable not found: check if there is a RefParameter without a condition.
2024-03-29 02:00:45,349 [WARN] IP:2119 - LPTIM1Enable not found: check if there is a RefParameter without a condition.
2024-03-29 02:00:45,349 [WARN] IP:2119 - I2C1Enable not found: check if there is a RefParameter without a condition.
2024-03-29 02:00:45,349 [WARN] IP:2119 - I2C2Enable not found: check if there is a RefParameter without a condition.
2024-03-29 02:00:45,349 [WARN] IP:2119 - I2C3Enable not found: check if there is a RefParameter without a condition.
2024-03-29 02:00:45,349 [WARN] IP:2119 - I2C4Enable not found: check if there is a RefParameter without a condition.
2024-03-29 02:00:45,349 [WARN] IP:2119 - SAI1Enable not found: check if there is a RefParameter without a condition.
2024-03-29 02:00:45,349 [WARN] IP:2119 - SAI2Enable not found: check if there is a RefParameter without a condition.
2024-03-29 02:00:45,349 [WARN] IP:2119 - I2SEnable not found: check if there is a RefParameter without a condition.
2024-03-29 02:00:45,349 [WARN] IP:2119 - SPDIFEnable not found: check if there is a RefParameter without a condition.
2024-03-29 02:00:45,349 [WARN] IP:2119 - LCDEnable not found: check if there is a RefParameter without a condition.
2024-03-29 02:00:45,349 [WARN] IP:2119 - ExtClockEnable not found: check if there is a RefParameter without a condition.
2024-03-29 02:00:45,350 [WARN] IP:2119 - MCO1OutPutEnable not found: check if there is a RefParameter without a condition.
2024-03-29 02:00:45,350 [WARN] IP:2119 - MCO2OutPutEnable not found: check if there is a RefParameter without a condition.
2024-03-29 02:00:45,350 [WARN] IP:2119 - MCO2I2SEnable not found: check if there is a RefParameter without a condition.
2024-03-29 02:00:45,350 [WARN] IP:2119 - OscillatorTypeHSE not found: check if there is a RefParameter without a condition.
2024-03-29 02:00:45,350 [WARN] IP:2119 - HSEUsed not found: check if there is a RefParameter without a condition.
2024-03-29 02:00:45,350 [WARN] IP:2119 - HSEState not found: check if there is a RefParameter without a condition.
2024-03-29 02:00:45,350 [WARN] IP:2119 - OscillatorTypeLSE not found: check if there is a RefParameter without a condition.
2024-03-29 02:00:45,350 [WARN] IP:2119 - LSEUsed not found: check if there is a RefParameter without a condition.
2024-03-29 02:00:45,350 [WARN] IP:2119 - LSEState not found: check if there is a RefParameter without a condition.
2024-03-29 02:00:45,350 [WARN] IP:2119 - OscillatorTypeLSI not found: check if there is a RefParameter without a condition.
2024-03-29 02:00:45,350 [WARN] IP:2119 - LSIUsed not found: check if there is a RefParameter without a condition.
2024-03-29 02:00:45,350 [WARN] IP:2119 - OscillatorTypeHSI not found: check if there is a RefParameter without a condition.
2024-03-29 02:00:45,350 [WARN] IP:2119 - HSIUsed not found: check if there is a RefParameter without a condition.
2024-03-29 02:00:45,351 [WARN] IP:2119 - HSIState not found: check if there is a RefParameter without a condition.
2024-03-29 02:00:45,351 [WARN] IP:2119 - PLLUsed not found: check if there is a RefParameter without a condition.
2024-03-29 02:00:45,351 [WARN] IP:2119 - PLLState not found: check if there is a RefParameter without a condition.
2024-03-29 02:00:45,351 [WARN] IP:2119 - ClockType not found: check if there is a RefParameter without a condition.
2024-03-29 02:00:45,351 [WARN] IP:2119 - ClockTypeSysClk not found: check if there is a RefParameter without a condition.
2024-03-29 02:00:45,351 [WARN] IP:2119 - ClockTypeHCLK not found: check if there is a RefParameter without a condition.
2024-03-29 02:00:45,351 [WARN] IP:2119 - ClockTypePCLK1 not found: check if there is a RefParameter without a condition.
2024-03-29 02:00:45,351 [WARN] IP:2119 - ClockTypePCLK2 not found: check if there is a RefParameter without a condition.
2024-03-29 02:00:45,351 [WARN] IP:2119 - PeriphClockSelectionARG not found: check if there is a RefParameter without a condition.
2024-03-29 02:00:45,351 [WARN] IP:2119 - RTCClockSelectionARG not found: check if there is a RefParameter without a condition.
2024-03-29 02:00:45,351 [WARN] IP:2119 - USART1lockSelectionARG not found: check if there is a RefParameter without a condition.
2024-03-29 02:00:45,352 [WARN] IP:2119 - USART2lockSelectionARG not found: check if there is a RefParameter without a condition.
2024-03-29 02:00:45,352 [WARN] IP:2119 - USART3lockSelectionARG not found: check if there is a RefParameter without a condition.
2024-03-29 02:00:45,352 [WARN] IP:2119 - USART6lockSelectionARG not found: check if there is a RefParameter without a condition.
2024-03-29 02:00:45,352 [WARN] IP:2119 - UART4lockSelectionARG not found: check if there is a RefParameter without a condition.
2024-03-29 02:00:45,352 [WARN] IP:2119 - UART5lockSelectionARG not found: check if there is a RefParameter without a condition.
2024-03-29 02:00:45,352 [WARN] IP:2119 - UART7lockSelectionARG not found: check if there is a RefParameter without a condition.
2024-03-29 02:00:45,352 [WARN] IP:2119 - UART8lockSelectionARG not found: check if there is a RefParameter without a condition.
2024-03-29 02:00:45,354 [WARN] IP:2119 - PeriphClockSelectionARG not found: check if there is a RefParameter without a condition.
2024-03-29 02:00:45,355 [WARN] IP:2119 - RTCClockSelectionARG not found: check if there is a RefParameter without a condition.
2024-03-29 02:00:45,355 [WARN] IP:2119 - USART1lockSelectionARG not found: check if there is a RefParameter without a condition.
2024-03-29 02:00:45,355 [WARN] IP:2119 - USART2lockSelectionARG not found: check if there is a RefParameter without a condition.
2024-03-29 02:00:45,355 [WARN] IP:2119 - USART3lockSelectionARG not found: check if there is a RefParameter without a condition.
2024-03-29 02:00:45,355 [WARN] IP:2119 - USART6lockSelectionARG not found: check if there is a RefParameter without a condition.
2024-03-29 02:00:45,355 [WARN] IP:2119 - UART4lockSelectionARG not found: check if there is a RefParameter without a condition.
2024-03-29 02:00:45,355 [WARN] IP:2119 - UART5lockSelectionARG not found: check if there is a RefParameter without a condition.
2024-03-29 02:00:45,355 [WARN] IP:2119 - UART7lockSelectionARG not found: check if there is a RefParameter without a condition.
2024-03-29 02:00:45,355 [WARN] IP:2119 - UART8lockSelectionARG not found: check if there is a RefParameter without a condition.
2024-03-29 02:00:45,619 [ERROR] RtosPanel:558 - Can not restore the selected Tab for FREERTOS(A reason can be that the tab is no more available.)
2024-03-29 02:00:45,667 [ERROR] RtosPanel:558 - Can not restore the selected Tab for FREERTOS(A reason can be that the tab is no more available.)
2024-03-29 02:00:45,886 [ERROR] RtosPanel:558 - Can not restore the selected Tab for FREERTOS(A reason can be that the tab is no more available.)
2024-03-29 02:01:08,461 [ERROR] RtosPanel:558 - Can not restore the selected Tab for FREERTOS(A reason can be that the tab is no more available.)
2024-03-29 02:01:08,767 [ERROR] RtosPanel:558 - Can not restore the selected Tab for FREERTOS(A reason can be that the tab is no more available.)
2024-03-29 02:01:36,734 [ERROR] RtosPanel:558 - Can not restore the selected Tab for FREERTOS(A reason can be that the tab is no more available.)
2024-03-29 02:02:05,641 [ERROR] RtosPanel:558 - Can not restore the selected Tab for FREERTOS(A reason can be that the tab is no more available.)
2024-03-29 02:03:04,217 [ERROR] RtosPanel:558 - Can not restore the selected Tab for FREERTOS(A reason can be that the tab is no more available.)
2024-03-29 02:03:23,661 [INFO] UtilMem:75 - End SaveConfig() Used Memory: 728927512 Bytes (1073741824)
2024-03-29 02:03:24,858 [INFO] UtilMem:75 - End SaveConfig() Used Memory: 764565816 Bytes (1073741824)
2024-03-29 02:03:28,471 [INFO] UtilMem:75 - End SaveConfig() Used Memory: 893508584 Bytes (1073741824)
2024-03-29 02:03:32,154 [INFO] BlockDiagram:2759 - set Specific Code input for plugin: FREERTOS
2024-03-29 02:03:32,156 [INFO] BlockDiagram:2759 - set Specific Code input for plugin: SYS
2024-03-29 02:03:32,157 [INFO] BlockDiagram:2759 - set Specific Code input for plugin: RCC
2024-03-29 02:03:32,157 [INFO] BlockDiagram:2759 - set Specific Code input for plugin: NVIC
2024-03-29 02:03:32,157 [INFO] BlockDiagram:2759 - set Specific Code input for plugin: USART
2024-03-29 02:03:32,157 [INFO] BlockDiagram:2759 - set Specific Code input for plugin: CORTEX_M7
2024-03-29 02:03:32,158 [INFO] BlockDiagram:2759 - set Specific Code input for plugin: GPIO
2024-03-29 02:03:32,159 [INFO] CodeGenerator:807 - code generatio: config db path: D:\STM32CubeIDE_1.14.0\STM32CubeIDE\plugins\com.st.stm32cube.common.mx_6.10.0.202311202037\\db\
2024-03-29 02:03:32,534 [INFO] CodeEngine:255 - oldGeneratedFile, D:\workspaceIDE\TpFreetos\MXTmpFiles\license.tmp_save
2024-03-29 02:03:32,952 [INFO] CodeEngine:279 - Generated code: D:\workspaceIDE\TpFreetos\MXTmpFiles\license.tmp
2024-03-29 02:03:33,001 [INFO] CodeEngine:255 - oldGeneratedFile, D:\workspaceIDE\TpFreetos\Core\Src\gpio.c_save
2024-03-29 02:03:33,246 [INFO] CodeEngine:279 - Generated code: D:\workspaceIDE\TpFreetos\Core\Src\gpio.c
2024-03-29 02:03:33,261 [INFO] CodeEngine:255 - oldGeneratedFile, D:\workspaceIDE\TpFreetos\Core\Inc\gpio.h_save
2024-03-29 02:03:33,443 [INFO] CodeEngine:279 - Generated code: D:\workspaceIDE\TpFreetos\Core\Inc\gpio.h
2024-03-29 02:03:33,612 [INFO] Middleware:1439 - No code input for Bsp Dependency
2024-03-29 02:03:33,623 [INFO] CodeEngine:255 - oldGeneratedFile, D:\workspaceIDE\TpFreetos\MXTmpFiles\rtos_inc.tmp_save
2024-03-29 02:03:33,838 [INFO] CodeEngine:279 - Generated code: D:\workspaceIDE\TpFreetos\MXTmpFiles\rtos_inc.tmp
2024-03-29 02:03:33,844 [INFO] CodeEngine:255 - oldGeneratedFile, D:\workspaceIDE\TpFreetos\MXTmpFiles\rtos_vars.tmp_save
2024-03-29 02:03:34,043 [INFO] CodeEngine:279 - Generated code: D:\workspaceIDE\TpFreetos\MXTmpFiles\rtos_vars.tmp
2024-03-29 02:03:34,050 [INFO] CodeEngine:255 - oldGeneratedFile, D:\workspaceIDE\TpFreetos\MXTmpFiles\rtos_pfp.tmp_save
2024-03-29 02:03:34,177 [INFO] CodeEngine:279 - Generated code: D:\workspaceIDE\TpFreetos\MXTmpFiles\rtos_pfp.tmp
2024-03-29 02:03:34,187 [INFO] CodeEngine:255 - oldGeneratedFile, D:\workspaceIDE\TpFreetos\MXTmpFiles\rtos_obj_creat.tmp_save
2024-03-29 02:03:34,346 [INFO] CodeEngine:279 - Generated code: D:\workspaceIDE\TpFreetos\MXTmpFiles\rtos_obj_creat.tmp
2024-03-29 02:03:34,361 [INFO] CodeEngine:255 - oldGeneratedFile, D:\workspaceIDE\TpFreetos\MXTmpFiles\rtos_kernelStart.tmp_save
2024-03-29 02:03:34,513 [INFO] CodeEngine:279 - Generated code: D:\workspaceIDE\TpFreetos\MXTmpFiles\rtos_kernelStart.tmp
2024-03-29 02:03:34,519 [INFO] CodeEngine:255 - oldGeneratedFile, D:\workspaceIDE\TpFreetos\MXTmpFiles\rtos_default_thread.tmp_save
2024-03-29 02:03:34,705 [INFO] CodeEngine:279 - Generated code: D:\workspaceIDE\TpFreetos\MXTmpFiles\rtos_default_thread.tmp
2024-03-29 02:03:34,710 [INFO] CodeEngine:255 - oldGeneratedFile, D:\workspaceIDE\TpFreetos\MXTmpFiles\rtos_threads.tmp_save
2024-03-29 02:03:34,823 [INFO] CodeEngine:279 - Generated code: D:\workspaceIDE\TpFreetos\MXTmpFiles\rtos_threads.tmp
2024-03-29 02:03:34,836 [INFO] Middleware:1439 - No code input for Bsp Dependency
2024-03-29 02:03:34,854 [INFO] CodeEngine:255 - oldGeneratedFile, D:\workspaceIDE\TpFreetos\MXTmpFiles\rtos_inc.tmp_save
2024-03-29 02:03:34,968 [INFO] CodeEngine:279 - Generated code: D:\workspaceIDE\TpFreetos\MXTmpFiles\rtos_inc.tmp
2024-03-29 02:03:34,973 [INFO] CodeEngine:255 - oldGeneratedFile, D:\workspaceIDE\TpFreetos\MXTmpFiles\rtos_vars.tmp_save
2024-03-29 02:03:35,142 [INFO] CodeEngine:279 - Generated code: D:\workspaceIDE\TpFreetos\MXTmpFiles\rtos_vars.tmp
2024-03-29 02:03:35,158 [INFO] CodeEngine:255 - oldGeneratedFile, D:\workspaceIDE\TpFreetos\MXTmpFiles\rtos_pfp.tmp_save
2024-03-29 02:03:35,249 [INFO] CodeEngine:279 - Generated code: D:\workspaceIDE\TpFreetos\MXTmpFiles\rtos_pfp.tmp
2024-03-29 02:03:35,261 [INFO] CodeEngine:255 - oldGeneratedFile, D:\workspaceIDE\TpFreetos\MXTmpFiles\rtos_obj_creat.tmp_save
2024-03-29 02:03:35,342 [INFO] CodeEngine:279 - Generated code: D:\workspaceIDE\TpFreetos\MXTmpFiles\rtos_obj_creat.tmp
2024-03-29 02:03:35,351 [INFO] CodeEngine:255 - oldGeneratedFile, D:\workspaceIDE\TpFreetos\MXTmpFiles\rtos_kernelStart.tmp_save
2024-03-29 02:03:35,447 [INFO] CodeEngine:279 - Generated code: D:\workspaceIDE\TpFreetos\MXTmpFiles\rtos_kernelStart.tmp
2024-03-29 02:03:35,453 [INFO] CodeEngine:255 - oldGeneratedFile, D:\workspaceIDE\TpFreetos\MXTmpFiles\rtos_default_thread.tmp_save
2024-03-29 02:03:35,573 [INFO] CodeEngine:279 - Generated code: D:\workspaceIDE\TpFreetos\MXTmpFiles\rtos_default_thread.tmp
2024-03-29 02:03:35,581 [INFO] CodeEngine:255 - oldGeneratedFile, D:\workspaceIDE\TpFreetos\MXTmpFiles\rtos_threads.tmp_save
2024-03-29 02:03:35,660 [INFO] CodeEngine:279 - Generated code: D:\workspaceIDE\TpFreetos\MXTmpFiles\rtos_threads.tmp
2024-03-29 02:03:35,666 [INFO] CodeEngine:255 - oldGeneratedFile, D:\workspaceIDE\TpFreetos\Core\Inc\FreeRTOSConfig.h_save
2024-03-29 02:03:35,824 [INFO] CodeEngine:279 - Generated code: D:\workspaceIDE\TpFreetos\Core\Inc\FreeRTOSConfig.h
2024-03-29 02:03:35,834 [INFO] CodeEngine:255 - oldGeneratedFile, D:\workspaceIDE\TpFreetos\Core\Src\freertos.c_save
2024-03-29 02:03:35,976 [INFO] CodeEngine:279 - Generated code: D:\workspaceIDE\TpFreetos\Core\Src\freertos.c
2024-03-29 02:03:35,999 [INFO] CodeEngine:255 - oldGeneratedFile, D:\workspaceIDE\TpFreetos\MXTmpFiles\cortex.tmp_save
2024-03-29 02:03:36,201 [INFO] CodeEngine:279 - Generated code: D:\workspaceIDE\TpFreetos\MXTmpFiles\cortex.tmp
2024-03-29 02:03:36,215 [INFO] CodeEngine:255 - oldGeneratedFile, D:\workspaceIDE\TpFreetos\Core\Src\usart.c_save
2024-03-29 02:03:36,483 [INFO] CodeEngine:279 - Generated code: D:\workspaceIDE\TpFreetos\Core\Src\usart.c
2024-03-29 02:03:36,488 [INFO] CodeEngine:255 - oldGeneratedFile, D:\workspaceIDE\TpFreetos\Core\Inc\usart.h_save
2024-03-29 02:03:36,703 [INFO] CodeEngine:279 - Generated code: D:\workspaceIDE\TpFreetos\Core\Inc\usart.h
2024-03-29 02:03:36,758 [INFO] CodeEngine:255 - oldGeneratedFile, D:\workspaceIDE\TpFreetos\Core\Src\stm32f7xx_it.c_save
2024-03-29 02:03:37,159 [INFO] CodeEngine:279 - Generated code: D:\workspaceIDE\TpFreetos\Core\Src\stm32f7xx_it.c
2024-03-29 02:03:37,184 [INFO] CodeEngine:255 - oldGeneratedFile, D:\workspaceIDE\TpFreetos\Core\Inc\stm32f7xx_it.h_save
2024-03-29 02:03:37,301 [INFO] CodeEngine:279 - Generated code: D:\workspaceIDE\TpFreetos\Core\Inc\stm32f7xx_it.h
2024-03-29 02:03:37,335 [INFO] CodeEngine:255 - oldGeneratedFile, D:\workspaceIDE\TpFreetos\Core\Src\stm32f7xx_hal_msp.c_save
2024-03-29 02:03:37,527 [INFO] CodeEngine:279 - Generated code: D:\workspaceIDE\TpFreetos\Core\Src\stm32f7xx_hal_msp.c
2024-03-29 02:03:37,536 [INFO] CodeEngine:255 - oldGeneratedFile, D:\workspaceIDE\TpFreetos\MXTmpFiles\system.tmp_save
2024-03-29 02:03:37,661 [INFO] CodeEngine:279 - Generated code: D:\workspaceIDE\TpFreetos\MXTmpFiles\system.tmp
2024-03-29 02:03:37,667 [INFO] CodeEngine:255 - oldGeneratedFile, D:\workspaceIDE\TpFreetos\Core\Src\stm32f7xx_hal_timebase_tim.c_save
2024-03-29 02:03:37,791 [INFO] CodeEngine:279 - Generated code: D:\workspaceIDE\TpFreetos\Core\Src\stm32f7xx_hal_timebase_tim.c
2024-03-29 02:03:37,820 [INFO] CodeEngine:311 - oldGeneratedFile, D:\workspaceIDE\TpFreetos\Core\Inc\stm32f7xx_hal_conf.h_save
2024-03-29 02:03:38,002 [INFO] CodeEngine:335 - Generated code: D:\workspaceIDE\TpFreetos\Core\Inc\stm32f7xx_hal_conf.h
2024-03-29 02:03:38,093 [INFO] CodeEngine:255 - oldGeneratedFile, D:\workspaceIDE\TpFreetos\Core\Inc\main.h_save
2024-03-29 02:03:38,361 [INFO] CodeEngine:279 - Generated code: D:\workspaceIDE\TpFreetos\Core\Inc\main.h
2024-03-29 02:03:38,378 [INFO] CodeEngine:255 - oldGeneratedFile, D:\workspaceIDE\TpFreetos\Core\Src\main.c_save
2024-03-29 02:03:38,606 [INFO] CodeEngine:279 - Generated code: D:\workspaceIDE\TpFreetos\Core\Src\main.c
2024-03-29 02:03:39,384 [INFO] ProjectBuilder:3076 - Time for Copy HAL[2] : 1mS.
2024-03-29 02:03:39,420 [INFO] ProjectBuilder:4485 - Project Generator version: 4.2.0-B44
2024-03-29 02:03:40,056 [INFO] ConfigFileManager:1495 - The Die is : DIE449
2024-03-29 02:03:45,500 [INFO] ProjectBuilder:4747 - Time for Generating toolchain IDE Files: 6080mS.
2024-03-29 02:03:45,500 [INFO] ProjectBuilder:2947 - Time for Copy CMSIS : 0mS.
2024-03-29 02:03:45,503 [INFO] ProjectBuilder:2947 - Time for Copy CMSIS : 0mS.
2024-03-29 02:04:34,278 [ERROR] ConfigurationRetriever:142 - IOException on connection: Read timed out
2024-03-29 02:04:36,286 [ERROR] ConfigurationRetriever:142 - IOException on connection: Read timed out
2024-03-29 02:04:38,299 [ERROR] ConfigurationRetriever:142 - IOException on connection: Read timed out
